{"/Users/prayogaantarasputra/Documents/interview/marta/martaflix/api/movies.ts": {"path":"/Users/prayogaantarasputra/Documents/interview/marta/martaflix/api/movies.ts","statementMap":{"0":{"start":{"line":5,"column":19},"end":{"line":7,"column":4}},"1":{"start":{"line":8,"column":2},"end":{"line":8,"column":23}},"2":{"start":{"line":12,"column":19},"end":{"line":14,"column":4}},"3":{"start":{"line":15,"column":2},"end":{"line":15,"column":23}},"4":{"start":{"line":19,"column":19},"end":{"line":19,"column":59}},"5":{"start":{"line":20,"column":2},"end":{"line":20,"column":23}},"6":{"start":{"line":24,"column":19},"end":{"line":24,"column":67}},"7":{"start":{"line":25,"column":2},"end":{"line":25,"column":23}},"8":{"start":{"line":29,"column":19},"end":{"line":34,"column":4}},"9":{"start":{"line":35,"column":2},"end":{"line":35,"column":23}}},"fnMap":{"0":{"name":"fetchPopularMovies","decl":{"start":{"line":4,"column":22},"end":{"line":4,"column":40}},"loc":{"start":{"line":4,"column":84},"end":{"line":9,"column":1}},"line":4},"1":{"name":"fetchTrendingMovies","decl":{"start":{"line":11,"column":22},"end":{"line":11,"column":41}},"loc":{"start":{"line":11,"column":85},"end":{"line":16,"column":1}},"line":11},"2":{"name":"fetchMovieDetails","decl":{"start":{"line":18,"column":22},"end":{"line":18,"column":39}},"loc":{"start":{"line":18,"column":80},"end":{"line":21,"column":1}},"line":18},"3":{"name":"fetchMovieCredits","decl":{"start":{"line":23,"column":22},"end":{"line":23,"column":39}},"loc":{"start":{"line":23,"column":80},"end":{"line":26,"column":1}},"line":23},"4":{"name":"searchMovies","decl":{"start":{"line":28,"column":22},"end":{"line":28,"column":34}},"loc":{"start":{"line":28,"column":93},"end":{"line":36,"column":1}},"line":28}},"branchMap":{"0":{"loc":{"start":{"line":4,"column":41},"end":{"line":4,"column":57}},"type":"default-arg","locations":[{"start":{"line":4,"column":56},"end":{"line":4,"column":57}}],"line":4},"1":{"loc":{"start":{"line":11,"column":42},"end":{"line":11,"column":58}},"type":"default-arg","locations":[{"start":{"line":11,"column":57},"end":{"line":11,"column":58}}],"line":11},"2":{"loc":{"start":{"line":28,"column":50},"end":{"line":28,"column":66}},"type":"default-arg","locations":[{"start":{"line":28,"column":65},"end":{"line":28,"column":66}}],"line":28}},"s":{"0":5,"1":2,"2":0,"3":0,"4":3,"5":1,"6":3,"7":1,"8":5,"9":3},"f":{"0":5,"1":0,"2":3,"3":3,"4":5},"b":{"0":[4],"1":[0],"2":[4]},"_coverageSchema":"1a1c01bbd47fc00a2c39e90264f33305004495a9","hash":"f25568dbe6670ab5d343e966d5eb9c904c8a712f"}
,"/Users/prayogaantarasputra/Documents/interview/marta/martaflix/components/cast-card.tsx": {"path":"/Users/prayogaantarasputra/Documents/interview/marta/martaflix/components/cast-card.tsx","statementMap":{"0":{"start":{"line":15,"column":20},"end":{"line":15,"column":30}},"1":{"start":{"line":17,"column":22},"end":{"line":19,"column":24}},"2":{"start":{"line":18,"column":4},"end":{"line":18,"column":23}},"3":{"start":{"line":21,"column":19},"end":{"line":23,"column":10}},"4":{"start":{"line":25,"column":2},"end":{"line":109,"column":4}}},"fnMap":{"0":{"name":"CastCard","decl":{"start":{"line":14,"column":16},"end":{"line":14,"column":24}},"loc":{"start":{"line":14,"column":51},"end":{"line":110,"column":1}},"line":14},"1":{"name":"(anonymous_1)","decl":{"start":{"line":17,"column":40},"end":{"line":17,"column":41}},"loc":{"start":{"line":17,"column":46},"end":{"line":19,"column":3}},"line":17}},"branchMap":{"0":{"loc":{"start":{"line":21,"column":19},"end":{"line":23,"column":10}},"type":"cond-expr","locations":[{"start":{"line":22,"column":6},"end":{"line":22,"column":44}},{"start":{"line":23,"column":6},"end":{"line":23,"column":10}}],"line":21},"1":{"loc":{"start":{"line":36,"column":9},"end":{"line":69,"column":9}},"type":"cond-expr","locations":[{"start":{"line":37,"column":10},"end":{"line":46,"column":12}},{"start":{"line":48,"column":10},"end":{"line":68,"column":17}}],"line":36}},"s":{"0":0,"1":0,"2":0,"3":0,"4":0},"f":{"0":0,"1":0},"b":{"0":[0,0],"1":[0,0]}}
,"/Users/prayogaantarasputra/Documents/interview/marta/martaflix/components/empty-state.tsx": {"path":"/Users/prayogaantarasputra/Documents/interview/marta/martaflix/components/empty-state.tsx","statementMap":{"0":{"start":{"line":16,"column":20},"end":{"line":16,"column":30}},"1":{"start":{"line":18,"column":2},"end":{"line":44,"column":4}}},"fnMap":{"0":{"name":"EmptyState","decl":{"start":{"line":12,"column":16},"end":{"line":12,"column":26}},"loc":{"start":{"line":15,"column":10},"end":{"line":45,"column":1}},"line":15}},"branchMap":{"0":{"loc":{"start":{"line":13,"column":2},"end":{"line":13,"column":27}},"type":"default-arg","locations":[{"start":{"line":13,"column":10},"end":{"line":13,"column":27}}],"line":13},"1":{"loc":{"start":{"line":14,"column":2},"end":{"line":14,"column":81}},"type":"default-arg","locations":[{"start":{"line":14,"column":12},"end":{"line":14,"column":81}}],"line":14}},"s":{"0":0,"1":0},"f":{"0":0},"b":{"0":[0],"1":[0]}}
,"/Users/prayogaantarasputra/Documents/interview/marta/martaflix/components/error-state.tsx": {"path":"/Users/prayogaantarasputra/Documents/interview/marta/martaflix/components/error-state.tsx","statementMap":{"0":{"start":{"line":22,"column":20},"end":{"line":22,"column":30}},"1":{"start":{"line":23,"column":23},"end":{"line":23,"column":82}},"2":{"start":{"line":25,"column":2},"end":{"line":67,"column":4}}},"fnMap":{"0":{"name":"ErrorState","decl":{"start":{"line":16,"column":16},"end":{"line":16,"column":26}},"loc":{"start":{"line":21,"column":10},"end":{"line":68,"column":1}},"line":21}},"branchMap":{"0":{"loc":{"start":{"line":19,"column":2},"end":{"line":19,"column":32}},"type":"default-arg","locations":[{"start":{"line":19,"column":10},"end":{"line":19,"column":32}}],"line":19},"1":{"loc":{"start":{"line":23,"column":23},"end":{"line":23,"column":82}},"type":"binary-expr","locations":[{"start":{"line":23,"column":23},"end":{"line":23,"column":30}},{"start":{"line":23,"column":34},"end":{"line":23,"column":48}},{"start":{"line":23,"column":52},"end":{"line":23,"column":82}}],"line":23},"2":{"loc":{"start":{"line":50,"column":11},"end":{"line":63,"column":11}},"type":"binary-expr","locations":[{"start":{"line":50,"column":11},"end":{"line":50,"column":18}},{"start":{"line":51,"column":12},"end":{"line":62,"column":21}}],"line":50}},"s":{"0":0,"1":0,"2":0},"f":{"0":0},"b":{"0":[0],"1":[0,0,0],"2":[0,0]}}
,"/Users/prayogaantarasputra/Documents/interview/marta/martaflix/components/movie-card.tsx": {"path":"/Users/prayogaantarasputra/Documents/interview/marta/martaflix/components/movie-card.tsx","statementMap":{"0":{"start":{"line":11,"column":20},"end":{"line":11,"column":50}},"1":{"start":{"line":12,"column":26},"end":{"line":12,"column":28}},"2":{"start":{"line":13,"column":18},"end":{"line":13,"column":65}},"3":{"start":{"line":21,"column":20},"end":{"line":21,"column":30}},"4":{"start":{"line":22,"column":41},"end":{"line":22,"column":55}},"5":{"start":{"line":23,"column":26},"end":{"line":23,"column":46}},"6":{"start":{"line":25,"column":22},"end":{"line":27,"column":25}},"7":{"start":{"line":26,"column":4},"end":{"line":26,"column":22}},"8":{"start":{"line":29,"column":30},"end":{"line":32,"column":29}},"9":{"start":{"line":30,"column":4},"end":{"line":30,"column":25}},"10":{"start":{"line":31,"column":4},"end":{"line":31,"column":26}},"11":{"start":{"line":34,"column":23},"end":{"line":36,"column":3}},"12":{"start":{"line":35,"column":4},"end":{"line":35,"column":29}},"13":{"start":{"line":38,"column":19},"end":{"line":40,"column":10}},"14":{"start":{"line":42,"column":2},"end":{"line":242,"column":4}}},"fnMap":{"0":{"name":"MovieCard","decl":{"start":{"line":20,"column":16},"end":{"line":20,"column":25}},"loc":{"start":{"line":20,"column":53},"end":{"line":243,"column":1}},"line":20},"1":{"name":"(anonymous_1)","decl":{"start":{"line":25,"column":40},"end":{"line":25,"column":41}},"loc":{"start":{"line":25,"column":46},"end":{"line":27,"column":3}},"line":25},"2":{"name":"(anonymous_2)","decl":{"start":{"line":29,"column":48},"end":{"line":29,"column":49}},"loc":{"start":{"line":29,"column":61},"end":{"line":32,"column":3}},"line":29},"3":{"name":"(anonymous_3)","decl":{"start":{"line":34,"column":23},"end":{"line":34,"column":24}},"loc":{"start":{"line":34,"column":51},"end":{"line":36,"column":3}},"line":34}},"branchMap":{"0":{"loc":{"start":{"line":38,"column":19},"end":{"line":40,"column":10}},"type":"cond-expr","locations":[{"start":{"line":39,"column":6},"end":{"line":39,"column":62}},{"start":{"line":40,"column":6},"end":{"line":40,"column":10}}],"line":38},"1":{"loc":{"start":{"line":59,"column":27},"end":{"line":59,"column":61}},"type":"cond-expr","locations":[{"start":{"line":59,"column":51},"end":{"line":59,"column":54}},{"start":{"line":59,"column":57},"end":{"line":59,"column":61}}],"line":59},"2":{"loc":{"start":{"line":70,"column":9},"end":{"line":108,"column":9}},"type":"cond-expr","locations":[{"start":{"line":71,"column":10},"end":{"line":80,"column":12}},{"start":{"line":82,"column":10},"end":{"line":107,"column":17}}],"line":70},"3":{"loc":{"start":{"line":118,"column":29},"end":{"line":118,"column":96}},"type":"cond-expr","locations":[{"start":{"line":118,"column":53},"end":{"line":118,"column":70}},{"start":{"line":118,"column":73},"end":{"line":118,"column":96}}],"line":118},"4":{"loc":{"start":{"line":136,"column":19},"end":{"line":136,"column":76}},"type":"cond-expr","locations":[{"start":{"line":136,"column":37},"end":{"line":136,"column":46}},{"start":{"line":136,"column":49},"end":{"line":136,"column":76}}],"line":136},"5":{"loc":{"start":{"line":137,"column":18},"end":{"line":137,"column":61}},"type":"cond-expr","locations":[{"start":{"line":137,"column":36},"end":{"line":137,"column":45}},{"start":{"line":137,"column":48},"end":{"line":137,"column":61}}],"line":137},"6":{"loc":{"start":{"line":203,"column":14},"end":{"line":203,"column":89}},"type":"cond-expr","locations":[{"start":{"line":203,"column":35},"end":{"line":203,"column":77}},{"start":{"line":203,"column":80},"end":{"line":203,"column":89}}],"line":203}},"s":{"0":1,"1":1,"2":1,"3":22,"4":22,"5":22,"6":22,"7":1,"8":22,"9":2,"10":2,"11":22,"12":22,"13":22,"14":22},"f":{"0":22,"1":1,"2":2,"3":22},"b":{"0":[21,1],"1":[1,21],"2":[21,1],"3":[1,21],"4":[1,21],"5":[1,21],"6":[21,1]},"_coverageSchema":"1a1c01bbd47fc00a2c39e90264f33305004495a9","hash":"d9110cfe3630a06f1abbd4f237f210b783b78646"}
,"/Users/prayogaantarasputra/Documents/interview/marta/martaflix/components/movie-detail-skeleton.tsx": {"path":"/Users/prayogaantarasputra/Documents/interview/marta/martaflix/components/movie-detail-skeleton.tsx","statementMap":{"0":{"start":{"line":6,"column":20},"end":{"line":6,"column":50}},"1":{"start":{"line":9,"column":20},"end":{"line":9,"column":30}},"2":{"start":{"line":11,"column":22},"end":{"line":21,"column":3}},"3":{"start":{"line":12,"column":4},"end":{"line":20,"column":6}},"4":{"start":{"line":23,"column":2},"end":{"line":66,"column":4}},"5":{"start":{"line":57,"column":12},"end":{"line":61,"column":19}}},"fnMap":{"0":{"name":"MovieDetailSkeleton","decl":{"start":{"line":8,"column":16},"end":{"line":8,"column":35}},"loc":{"start":{"line":8,"column":38},"end":{"line":67,"column":1}},"line":8},"1":{"name":"(anonymous_1)","decl":{"start":{"line":11,"column":22},"end":{"line":11,"column":23}},"loc":{"start":{"line":12,"column":4},"end":{"line":20,"column":6}},"line":12},"2":{"name":"(anonymous_2)","decl":{"start":{"line":56,"column":41},"end":{"line":56,"column":42}},"loc":{"start":{"line":57,"column":12},"end":{"line":61,"column":19}},"line":57}},"branchMap":{},"s":{"0":0,"1":0,"2":0,"3":0,"4":0,"5":0},"f":{"0":0,"1":0,"2":0},"b":{}}
,"/Users/prayogaantarasputra/Documents/interview/marta/martaflix/components/movie-skeleton.tsx": {"path":"/Users/prayogaantarasputra/Documents/interview/marta/martaflix/components/movie-skeleton.tsx","statementMap":{"0":{"start":{"line":7,"column":20},"end":{"line":7,"column":50}},"1":{"start":{"line":8,"column":26},"end":{"line":8,"column":28}},"2":{"start":{"line":9,"column":18},"end":{"line":9,"column":65}},"3":{"start":{"line":12,"column":20},"end":{"line":12,"column":30}},"4":{"start":{"line":14,"column":2},"end":{"line":52,"column":4}},"5":{"start":{"line":60,"column":2},"end":{"line":73,"column":4}},"6":{"start":{"line":70,"column":8},"end":{"line":70,"column":37}}},"fnMap":{"0":{"name":"MovieSkeleton","decl":{"start":{"line":11,"column":16},"end":{"line":11,"column":29}},"loc":{"start":{"line":11,"column":32},"end":{"line":53,"column":1}},"line":11},"1":{"name":"MovieSkeletonList","decl":{"start":{"line":59,"column":16},"end":{"line":59,"column":33}},"loc":{"start":{"line":59,"column":56},"end":{"line":74,"column":1}},"line":59},"2":{"name":"(anonymous_2)","decl":{"start":{"line":69,"column":37},"end":{"line":69,"column":38}},"loc":{"start":{"line":70,"column":8},"end":{"line":70,"column":37}},"line":70}},"branchMap":{"0":{"loc":{"start":{"line":29,"column":27},"end":{"line":29,"column":61}},"type":"cond-expr","locations":[{"start":{"line":29,"column":51},"end":{"line":29,"column":54}},{"start":{"line":29,"column":57},"end":{"line":29,"column":61}}],"line":29},"1":{"loc":{"start":{"line":59,"column":36},"end":{"line":59,"column":45}},"type":"default-arg","locations":[{"start":{"line":59,"column":44},"end":{"line":59,"column":45}}],"line":59}},"s":{"0":0,"1":0,"2":0,"3":0,"4":0,"5":0,"6":0},"f":{"0":0,"1":0,"2":0},"b":{"0":[0,0],"1":[0]}}
,"/Users/prayogaantarasputra/Documents/interview/marta/martaflix/components/theme-toggle.tsx": {"path":"/Users/prayogaantarasputra/Documents/interview/marta/martaflix/components/theme-toggle.tsx","statementMap":{"0":{"start":{"line":7,"column":45},"end":{"line":7,"column":55}},"1":{"start":{"line":9,"column":2},"end":{"line":42,"column":4}}},"fnMap":{"0":{"name":"ThemeToggle","decl":{"start":{"line":6,"column":16},"end":{"line":6,"column":27}},"loc":{"start":{"line":6,"column":30},"end":{"line":43,"column":1}},"line":6}},"branchMap":{"0":{"loc":{"start":{"line":39,"column":9},"end":{"line":39,"column":44}},"type":"cond-expr","locations":[{"start":{"line":39,"column":22},"end":{"line":39,"column":32}},{"start":{"line":39,"column":35},"end":{"line":39,"column":44}}],"line":39}},"s":{"0":0,"1":0},"f":{"0":0},"b":{"0":[0,0]}}
,"/Users/prayogaantarasputra/Documents/interview/marta/martaflix/components/ui/IconSymbol.ios.tsx": {"path":"/Users/prayogaantarasputra/Documents/interview/marta/martaflix/components/ui/IconSymbol.ios.tsx","statementMap":{"0":{"start":{"line":17,"column":2},"end":{"line":31,"column":4}}},"fnMap":{"0":{"name":"IconSymbol","decl":{"start":{"line":4,"column":16},"end":{"line":4,"column":26}},"loc":{"start":{"line":16,"column":3},"end":{"line":32,"column":1}},"line":16}},"branchMap":{"0":{"loc":{"start":{"line":6,"column":2},"end":{"line":6,"column":11}},"type":"default-arg","locations":[{"start":{"line":6,"column":9},"end":{"line":6,"column":11}}],"line":6},"1":{"loc":{"start":{"line":9,"column":2},"end":{"line":9,"column":20}},"type":"default-arg","locations":[{"start":{"line":9,"column":11},"end":{"line":9,"column":20}}],"line":9}},"s":{"0":0},"f":{"0":0},"b":{"0":[0],"1":[0]}}
,"/Users/prayogaantarasputra/Documents/interview/marta/martaflix/components/ui/IconSymbol.tsx": {"path":"/Users/prayogaantarasputra/Documents/interview/marta/martaflix/components/ui/IconSymbol.tsx","statementMap":{"0":{"start":{"line":16,"column":16},"end":{"line":21,"column":16}},"1":{"start":{"line":40,"column":2},"end":{"line":40,"column":88}}},"fnMap":{"0":{"name":"IconSymbol","decl":{"start":{"line":28,"column":16},"end":{"line":28,"column":26}},"loc":{"start":{"line":39,"column":3},"end":{"line":41,"column":1}},"line":39}},"branchMap":{"0":{"loc":{"start":{"line":30,"column":2},"end":{"line":30,"column":11}},"type":"default-arg","locations":[{"start":{"line":30,"column":9},"end":{"line":30,"column":11}}],"line":30}},"s":{"0":0,"1":0},"f":{"0":0},"b":{"0":[0]}}
,"/Users/prayogaantarasputra/Documents/interview/marta/martaflix/components/ui/TabBarBackground.ios.tsx": {"path":"/Users/prayogaantarasputra/Documents/interview/marta/martaflix/components/ui/TabBarBackground.ios.tsx","statementMap":{"0":{"start":{"line":6,"column":2},"end":{"line":14,"column":4}},"1":{"start":{"line":18,"column":2},"end":{"line":18,"column":33}}},"fnMap":{"0":{"name":"BlurTabBarBackground","decl":{"start":{"line":5,"column":24},"end":{"line":5,"column":44}},"loc":{"start":{"line":5,"column":47},"end":{"line":15,"column":1}},"line":5},"1":{"name":"useBottomTabOverflow","decl":{"start":{"line":17,"column":16},"end":{"line":17,"column":36}},"loc":{"start":{"line":17,"column":39},"end":{"line":19,"column":1}},"line":17}},"branchMap":{},"s":{"0":0,"1":0},"f":{"0":0,"1":0},"b":{}}
,"/Users/prayogaantarasputra/Documents/interview/marta/martaflix/components/ui/TabBarBackground.tsx": {"path":"/Users/prayogaantarasputra/Documents/interview/marta/martaflix/components/ui/TabBarBackground.tsx","statementMap":{"0":{"start":{"line":5,"column":2},"end":{"line":5,"column":11}}},"fnMap":{"0":{"name":"useBottomTabOverflow","decl":{"start":{"line":4,"column":16},"end":{"line":4,"column":36}},"loc":{"start":{"line":4,"column":39},"end":{"line":6,"column":1}},"line":4}},"branchMap":{},"s":{"0":0},"f":{"0":0},"b":{}}
,"/Users/prayogaantarasputra/Documents/interview/marta/martaflix/components/ui/accordion/index.tsx": {"path":"/Users/prayogaantarasputra/Documents/interview/marta/martaflix/components/ui/accordion/index.tsx","statementMap":{"0":{"start":{"line":15,"column":14},"end":{"line":15,"column":25}},"1":{"start":{"line":18,"column":23},"end":{"line":31,"column":2}},"2":{"start":{"line":33,"column":27},"end":{"line":41,"column":2}},"3":{"start":{"line":42,"column":32},"end":{"line":51,"column":2}},"4":{"start":{"line":52,"column":27},"end":{"line":64,"column":2}},"5":{"start":{"line":65,"column":34},"end":{"line":74,"column":2}},"6":{"start":{"line":75,"column":29},"end":{"line":77,"column":2}},"7":{"start":{"line":78,"column":30},"end":{"line":80,"column":2}},"8":{"start":{"line":81,"column":30},"end":{"line":83,"column":2}},"9":{"start":{"line":85,"column":13},"end":{"line":85,"column":42}},"10":{"start":{"line":87,"column":15},"end":{"line":89,"column":35}},"11":{"start":{"line":92,"column":20},"end":{"line":101,"column":2}},"12":{"start":{"line":103,"column":0},"end":{"line":114,"column":3}},"13":{"start":{"line":116,"column":0},"end":{"line":120,"column":3}},"14":{"start":{"line":164,"column":18},"end":{"line":176,"column":2}},"15":{"start":{"line":168,"column":2},"end":{"line":175,"column":4}},"16":{"start":{"line":178,"column":22},"end":{"line":193,"column":2}},"17":{"start":{"line":182,"column":22},"end":{"line":182,"column":44}},"18":{"start":{"line":183,"column":2},"end":{"line":192,"column":4}},"19":{"start":{"line":195,"column":25},"end":{"line":208,"column":2}},"20":{"start":{"line":199,"column":2},"end":{"line":207,"column":4}},"21":{"start":{"line":210,"column":29},"end":{"line":225,"column":2}},"22":{"start":{"line":214,"column":19},"end":{"line":214,"column":41}},"23":{"start":{"line":215,"column":2},"end":{"line":224,"column":4}},"24":{"start":{"line":227,"column":22},"end":{"line":265,"column":2}},"25":{"start":{"line":231,"column":31},"end":{"line":231,"column":53}},"26":{"start":{"line":233,"column":2},"end":{"line":253,"column":3}},"27":{"start":{"line":234,"column":4},"end":{"line":241,"column":6}},"28":{"start":{"line":242,"column":9},"end":{"line":253,"column":3}},"29":{"start":{"line":246,"column":4},"end":{"line":252,"column":6}},"30":{"start":{"line":254,"column":2},"end":{"line":264,"column":4}},"31":{"start":{"line":267,"column":24},"end":{"line":280,"column":2}},"32":{"start":{"line":271,"column":2},"end":{"line":279,"column":4}},"33":{"start":{"line":282,"column":25},"end":{"line":295,"column":2}},"34":{"start":{"line":286,"column":2},"end":{"line":294,"column":4}},"35":{"start":{"line":296,"column":27},"end":{"line":311,"column":2}},"36":{"start":{"line":300,"column":19},"end":{"line":300,"column":41}},"37":{"start":{"line":301,"column":2},"end":{"line":310,"column":4}},"38":{"start":{"line":313,"column":0},"end":{"line":313,"column":36}},"39":{"start":{"line":314,"column":0},"end":{"line":314,"column":44}},"40":{"start":{"line":315,"column":0},"end":{"line":315,"column":48}},"41":{"start":{"line":316,"column":0},"end":{"line":316,"column":50}},"42":{"start":{"line":317,"column":0},"end":{"line":317,"column":54}},"43":{"start":{"line":318,"column":0},"end":{"line":318,"column":58}},"44":{"start":{"line":319,"column":0},"end":{"line":319,"column":44}},"45":{"start":{"line":320,"column":0},"end":{"line":320,"column":50}}},"fnMap":{"0":{"name":"(anonymous_0)","decl":{"start":{"line":167,"column":2},"end":{"line":167,"column":3}},"loc":{"start":{"line":167,"column":69},"end":{"line":176,"column":1}},"line":167},"1":{"name":"(anonymous_1)","decl":{"start":{"line":181,"column":2},"end":{"line":181,"column":3}},"loc":{"start":{"line":181,"column":36},"end":{"line":193,"column":1}},"line":181},"2":{"name":"AccordionContent","decl":{"start":{"line":198,"column":11},"end":{"line":198,"column":27}},"loc":{"start":{"line":198,"column":58},"end":{"line":208,"column":1}},"line":198},"3":{"name":"AccordionContentText","decl":{"start":{"line":213,"column":11},"end":{"line":213,"column":31}},"loc":{"start":{"line":213,"column":62},"end":{"line":225,"column":1}},"line":213},"4":{"name":"AccordionIcon","decl":{"start":{"line":230,"column":11},"end":{"line":230,"column":24}},"loc":{"start":{"line":230,"column":61},"end":{"line":265,"column":1}},"line":230},"5":{"name":"AccordionHeader","decl":{"start":{"line":270,"column":11},"end":{"line":270,"column":26}},"loc":{"start":{"line":270,"column":57},"end":{"line":280,"column":1}},"line":270},"6":{"name":"AccordionTrigger","decl":{"start":{"line":285,"column":11},"end":{"line":285,"column":27}},"loc":{"start":{"line":285,"column":58},"end":{"line":295,"column":1}},"line":285},"7":{"name":"AccordionTitleText","decl":{"start":{"line":299,"column":11},"end":{"line":299,"column":29}},"loc":{"start":{"line":299,"column":60},"end":{"line":311,"column":1}},"line":299}},"branchMap":{"0":{"loc":{"start":{"line":88,"column":2},"end":{"line":88,"column":35}},"type":"cond-expr","locations":[{"start":{"line":88,"column":26},"end":{"line":88,"column":28}},{"start":{"line":88,"column":31},"end":{"line":88,"column":35}}],"line":88},"1":{"loc":{"start":{"line":167,"column":16},"end":{"line":167,"column":34}},"type":"default-arg","locations":[{"start":{"line":167,"column":26},"end":{"line":167,"column":34}}],"line":167},"2":{"loc":{"start":{"line":167,"column":36},"end":{"line":167,"column":47}},"type":"default-arg","locations":[{"start":{"line":167,"column":43},"end":{"line":167,"column":47}}],"line":167},"3":{"loc":{"start":{"line":233,"column":2},"end":{"line":253,"column":3}},"type":"if","locations":[{"start":{"line":233,"column":2},"end":{"line":253,"column":3}},{"start":{"line":242,"column":9},"end":{"line":253,"column":3}}],"line":233},"4":{"loc":{"start":{"line":242,"column":9},"end":{"line":253,"column":3}},"type":"if","locations":[{"start":{"line":242,"column":9},"end":{"line":253,"column":3}},{"start":{},"end":{}}],"line":242},"5":{"loc":{"start":{"line":243,"column":4},"end":{"line":244,"column":22}},"type":"binary-expr","locations":[{"start":{"line":243,"column":5},"end":{"line":243,"column":31}},{"start":{"line":243,"column":35},"end":{"line":243,"column":60}},{"start":{"line":244,"column":4},"end":{"line":244,"column":22}}],"line":243}},"s":{"0":0,"1":0,"2":0,"3":0,"4":0,"5":0,"6":0,"7":0,"8":0,"9":0,"10":0,"11":0,"12":0,"13":0,"14":0,"15":0,"16":0,"17":0,"18":0,"19":0,"20":0,"21":0,"22":0,"23":0,"24":0,"25":0,"26":0,"27":0,"28":0,"29":0,"30":0,"31":0,"32":0,"33":0,"34":0,"35":0,"36":0,"37":0,"38":0,"39":0,"40":0,"41":0,"42":0,"43":0,"44":0,"45":0},"f":{"0":0,"1":0,"2":0,"3":0,"4":0,"5":0,"6":0,"7":0},"b":{"0":[0,0],"1":[0],"2":[0],"3":[0,0],"4":[0,0],"5":[0,0,0]}}
,"/Users/prayogaantarasputra/Documents/interview/marta/martaflix/components/ui/actionsheet/index.tsx": {"path":"/Users/prayogaantarasputra/Documents/interview/marta/martaflix/components/ui/actionsheet/index.tsx","statementMap":{"0":{"start":{"line":27,"column":20},"end":{"line":32,"column":2}},"1":{"start":{"line":31,"column":2},"end":{"line":31,"column":44}},"2":{"start":{"line":37,"column":19},"end":{"line":37,"column":71}},"3":{"start":{"line":42,"column":26},"end":{"line":44,"column":49}},"4":{"start":{"line":46,"column":29},"end":{"line":61,"column":2}},"5":{"start":{"line":63,"column":0},"end":{"line":63,"column":50}},"6":{"start":{"line":64,"column":0},"end":{"line":64,"column":58}},"7":{"start":{"line":65,"column":0},"end":{"line":65,"column":48}},"8":{"start":{"line":66,"column":0},"end":{"line":66,"column":59}},"9":{"start":{"line":67,"column":0},"end":{"line":67,"column":64}},"10":{"start":{"line":68,"column":0},"end":{"line":68,"column":71}},"11":{"start":{"line":69,"column":0},"end":{"line":69,"column":59}},"12":{"start":{"line":70,"column":0},"end":{"line":74,"column":3}},"13":{"start":{"line":75,"column":0},"end":{"line":81,"column":3}},"14":{"start":{"line":82,"column":0},"end":{"line":89,"column":3}},"15":{"start":{"line":90,"column":0},"end":{"line":90,"column":62}},"16":{"start":{"line":91,"column":0},"end":{"line":91,"column":68}},"17":{"start":{"line":93,"column":0},"end":{"line":104,"column":3}},"18":{"start":{"line":106,"column":25},"end":{"line":106,"column":79}},"19":{"start":{"line":108,"column":32},"end":{"line":110,"column":2}},"20":{"start":{"line":112,"column":29},"end":{"line":114,"column":2}},"21":{"start":{"line":116,"column":33},"end":{"line":145,"column":2}},"22":{"start":{"line":147,"column":38},"end":{"line":149,"column":2}},"23":{"start":{"line":151,"column":45},"end":{"line":153,"column":2}},"24":{"start":{"line":155,"column":33},"end":{"line":157,"column":2}},"25":{"start":{"line":159,"column":35},"end":{"line":161,"column":2}},"26":{"start":{"line":163,"column":40},"end":{"line":165,"column":2}},"27":{"start":{"line":167,"column":33},"end":{"line":169,"column":2}},"28":{"start":{"line":171,"column":36},"end":{"line":173,"column":2}},"29":{"start":{"line":175,"column":42},"end":{"line":215,"column":2}},"30":{"start":{"line":217,"column":29},"end":{"line":229,"column":2}},"31":{"start":{"line":291,"column":20},"end":{"line":304,"column":2}},"32":{"start":{"line":295,"column":2},"end":{"line":303,"column":4}},"33":{"start":{"line":306,"column":27},"end":{"line":319,"column":2}},"34":{"start":{"line":310,"column":2},"end":{"line":318,"column":4}},"35":{"start":{"line":321,"column":24},"end":{"line":334,"column":2}},"36":{"start":{"line":325,"column":2},"end":{"line":333,"column":4}},"37":{"start":{"line":336,"column":28},"end":{"line":365,"column":2}},"38":{"start":{"line":351,"column":2},"end":{"line":364,"column":4}},"39":{"start":{"line":367,"column":33},"end":{"line":380,"column":2}},"40":{"start":{"line":371,"column":2},"end":{"line":379,"column":4}},"41":{"start":{"line":382,"column":40},"end":{"line":395,"column":2}},"42":{"start":{"line":386,"column":2},"end":{"line":394,"column":4}},"43":{"start":{"line":397,"column":28},"end":{"line":419,"column":2}},"44":{"start":{"line":401,"column":2},"end":{"line":418,"column":4}},"45":{"start":{"line":421,"column":30},"end":{"line":434,"column":2}},"46":{"start":{"line":425,"column":2},"end":{"line":433,"column":4}},"47":{"start":{"line":436,"column":35},"end":{"line":449,"column":2}},"48":{"start":{"line":440,"column":2},"end":{"line":448,"column":4}},"49":{"start":{"line":451,"column":28},"end":{"line":464,"column":2}},"50":{"start":{"line":455,"column":2},"end":{"line":463,"column":4}},"51":{"start":{"line":466,"column":31},"end":{"line":479,"column":2}},"52":{"start":{"line":470,"column":2},"end":{"line":478,"column":4}},"53":{"start":{"line":481,"column":37},"end":{"line":516,"column":2}},"54":{"start":{"line":499,"column":2},"end":{"line":515,"column":4}},"55":{"start":{"line":518,"column":24},"end":{"line":553,"column":2}},"56":{"start":{"line":522,"column":2},"end":{"line":542,"column":3}},"57":{"start":{"line":523,"column":4},"end":{"line":530,"column":6}},"58":{"start":{"line":531,"column":9},"end":{"line":542,"column":3}},"59":{"start":{"line":535,"column":4},"end":{"line":541,"column":6}},"60":{"start":{"line":543,"column":2},"end":{"line":552,"column":4}}},"fnMap":{"0":{"name":"ItemWrapper","decl":{"start":{"line":30,"column":11},"end":{"line":30,"column":22}},"loc":{"start":{"line":30,"column":42},"end":{"line":32,"column":1}},"line":30},"1":{"name":"Actionsheet","decl":{"start":{"line":294,"column":11},"end":{"line":294,"column":22}},"loc":{"start":{"line":294,"column":53},"end":{"line":304,"column":1}},"line":294},"2":{"name":"ActionsheetContent","decl":{"start":{"line":309,"column":11},"end":{"line":309,"column":29}},"loc":{"start":{"line":309,"column":60},"end":{"line":319,"column":1}},"line":309},"3":{"name":"ActionsheetItem","decl":{"start":{"line":324,"column":11},"end":{"line":324,"column":26}},"loc":{"start":{"line":324,"column":57},"end":{"line":334,"column":1}},"line":324},"4":{"name":"ActionsheetItemText","decl":{"start":{"line":339,"column":11},"end":{"line":339,"column":30}},"loc":{"start":{"line":350,"column":2},"end":{"line":365,"column":1}},"line":350},"5":{"name":"ActionsheetDragIndicator","decl":{"start":{"line":370,"column":11},"end":{"line":370,"column":35}},"loc":{"start":{"line":370,"column":66},"end":{"line":380,"column":1}},"line":370},"6":{"name":"ActionsheetDragIndicatorWrapper","decl":{"start":{"line":385,"column":11},"end":{"line":385,"column":42}},"loc":{"start":{"line":385,"column":73},"end":{"line":395,"column":1}},"line":385},"7":{"name":"ActionsheetBackdrop","decl":{"start":{"line":400,"column":11},"end":{"line":400,"column":30}},"loc":{"start":{"line":400,"column":61},"end":{"line":419,"column":1}},"line":400},"8":{"name":"ActionsheetScrollView","decl":{"start":{"line":424,"column":11},"end":{"line":424,"column":32}},"loc":{"start":{"line":424,"column":63},"end":{"line":434,"column":1}},"line":424},"9":{"name":"ActionsheetVirtualizedList","decl":{"start":{"line":439,"column":11},"end":{"line":439,"column":37}},"loc":{"start":{"line":439,"column":68},"end":{"line":449,"column":1}},"line":439},"10":{"name":"ActionsheetFlatList","decl":{"start":{"line":454,"column":11},"end":{"line":454,"column":30}},"loc":{"start":{"line":454,"column":61},"end":{"line":464,"column":1}},"line":454},"11":{"name":"ActionsheetSectionList","decl":{"start":{"line":469,"column":11},"end":{"line":469,"column":33}},"loc":{"start":{"line":469,"column":64},"end":{"line":479,"column":1}},"line":469},"12":{"name":"ActionsheetSectionHeaderText","decl":{"start":{"line":484,"column":11},"end":{"line":484,"column":39}},"loc":{"start":{"line":498,"column":2},"end":{"line":516,"column":1}},"line":498},"13":{"name":"ActionsheetIcon","decl":{"start":{"line":521,"column":11},"end":{"line":521,"column":26}},"loc":{"start":{"line":521,"column":70},"end":{"line":553,"column":1}},"line":521}},"branchMap":{"0":{"loc":{"start":{"line":345,"column":4},"end":{"line":345,"column":15}},"type":"default-arg","locations":[{"start":{"line":345,"column":11},"end":{"line":345,"column":15}}],"line":345},"1":{"loc":{"start":{"line":521,"column":40},"end":{"line":521,"column":51}},"type":"default-arg","locations":[{"start":{"line":521,"column":47},"end":{"line":521,"column":51}}],"line":521},"2":{"loc":{"start":{"line":522,"column":2},"end":{"line":542,"column":3}},"type":"if","locations":[{"start":{"line":522,"column":2},"end":{"line":542,"column":3}},{"start":{"line":531,"column":9},"end":{"line":542,"column":3}}],"line":522},"3":{"loc":{"start":{"line":531,"column":9},"end":{"line":542,"column":3}},"type":"if","locations":[{"start":{"line":531,"column":9},"end":{"line":542,"column":3}},{"start":{},"end":{}}],"line":531},"4":{"loc":{"start":{"line":532,"column":4},"end":{"line":533,"column":22}},"type":"binary-expr","locations":[{"start":{"line":532,"column":5},"end":{"line":532,"column":31}},{"start":{"line":532,"column":35},"end":{"line":532,"column":60}},{"start":{"line":533,"column":4},"end":{"line":533,"column":22}}],"line":532}},"s":{"0":0,"1":0,"2":0,"3":0,"4":0,"5":0,"6":0,"7":0,"8":0,"9":0,"10":0,"11":0,"12":0,"13":0,"14":0,"15":0,"16":0,"17":0,"18":0,"19":0,"20":0,"21":0,"22":0,"23":0,"24":0,"25":0,"26":0,"27":0,"28":0,"29":0,"30":0,"31":0,"32":0,"33":0,"34":0,"35":0,"36":0,"37":0,"38":0,"39":0,"40":0,"41":0,"42":0,"43":0,"44":0,"45":0,"46":0,"47":0,"48":0,"49":0,"50":0,"51":0,"52":0,"53":0,"54":0,"55":0,"56":0,"57":0,"58":0,"59":0,"60":0},"f":{"0":0,"1":0,"2":0,"3":0,"4":0,"5":0,"6":0,"7":0,"8":0,"9":0,"10":0,"11":0,"12":0,"13":0},"b":{"0":[0],"1":[0],"2":[0,0],"3":[0,0],"4":[0,0,0]}}
,"/Users/prayogaantarasputra/Documents/interview/marta/martaflix/components/ui/alert/index.tsx": {"path":"/Users/prayogaantarasputra/Documents/interview/marta/martaflix/components/ui/alert/index.tsx","statementMap":{"0":{"start":{"line":14,"column":14},"end":{"line":14,"column":21}},"1":{"start":{"line":16,"column":19},"end":{"line":33,"column":2}},"2":{"start":{"line":35,"column":23},"end":{"line":83,"column":2}},"3":{"start":{"line":85,"column":23},"end":{"line":106,"column":2}},"4":{"start":{"line":108,"column":23},"end":{"line":112,"column":2}},"5":{"start":{"line":114,"column":0},"end":{"line":125,"column":3}},"6":{"start":{"line":133,"column":14},"end":{"line":147,"column":1}},"7":{"start":{"line":138,"column":4},"end":{"line":145,"column":6}},"8":{"start":{"line":152,"column":18},"end":{"line":191,"column":2}},"9":{"start":{"line":170,"column":35},"end":{"line":170,"column":57}},"10":{"start":{"line":171,"column":2},"end":{"line":190,"column":4}},"11":{"start":{"line":199,"column":18},"end":{"line":239,"column":2}},"12":{"start":{"line":203,"column":35},"end":{"line":203,"column":57}},"13":{"start":{"line":205,"column":2},"end":{"line":225,"column":3}},"14":{"start":{"line":206,"column":4},"end":{"line":213,"column":6}},"15":{"start":{"line":214,"column":9},"end":{"line":225,"column":3}},"16":{"start":{"line":218,"column":4},"end":{"line":224,"column":6}},"17":{"start":{"line":226,"column":2},"end":{"line":238,"column":4}},"18":{"start":{"line":241,"column":0},"end":{"line":241,"column":28}},"19":{"start":{"line":242,"column":0},"end":{"line":242,"column":36}},"20":{"start":{"line":243,"column":0},"end":{"line":243,"column":36}}},"fnMap":{"0":{"name":"Alert","decl":{"start":{"line":134,"column":11},"end":{"line":134,"column":16}},"loc":{"start":{"line":137,"column":4},"end":{"line":146,"column":3}},"line":137},"1":{"name":"AlertText","decl":{"start":{"line":155,"column":11},"end":{"line":155,"column":20}},"loc":{"start":{"line":169,"column":2},"end":{"line":191,"column":1}},"line":169},"2":{"name":"AlertIcon","decl":{"start":{"line":202,"column":11},"end":{"line":202,"column":20}},"loc":{"start":{"line":202,"column":64},"end":{"line":239,"column":1}},"line":202}},"branchMap":{"0":{"loc":{"start":{"line":135,"column":17},"end":{"line":135,"column":34}},"type":"default-arg","locations":[{"start":{"line":135,"column":27},"end":{"line":135,"column":34}}],"line":135},"1":{"loc":{"start":{"line":135,"column":36},"end":{"line":135,"column":52}},"type":"default-arg","locations":[{"start":{"line":135,"column":45},"end":{"line":135,"column":52}}],"line":135},"2":{"loc":{"start":{"line":162,"column":4},"end":{"line":162,"column":15}},"type":"default-arg","locations":[{"start":{"line":162,"column":11},"end":{"line":162,"column":15}}],"line":162},"3":{"loc":{"start":{"line":202,"column":34},"end":{"line":202,"column":45}},"type":"default-arg","locations":[{"start":{"line":202,"column":41},"end":{"line":202,"column":45}}],"line":202},"4":{"loc":{"start":{"line":205,"column":2},"end":{"line":225,"column":3}},"type":"if","locations":[{"start":{"line":205,"column":2},"end":{"line":225,"column":3}},{"start":{"line":214,"column":9},"end":{"line":225,"column":3}}],"line":205},"5":{"loc":{"start":{"line":214,"column":9},"end":{"line":225,"column":3}},"type":"if","locations":[{"start":{"line":214,"column":9},"end":{"line":225,"column":3}},{"start":{},"end":{}}],"line":214},"6":{"loc":{"start":{"line":215,"column":4},"end":{"line":216,"column":22}},"type":"binary-expr","locations":[{"start":{"line":215,"column":5},"end":{"line":215,"column":31}},{"start":{"line":215,"column":35},"end":{"line":215,"column":60}},{"start":{"line":216,"column":4},"end":{"line":216,"column":22}}],"line":215}},"s":{"0":0,"1":0,"2":0,"3":0,"4":0,"5":0,"6":0,"7":0,"8":0,"9":0,"10":0,"11":0,"12":0,"13":0,"14":0,"15":0,"16":0,"17":0,"18":0,"19":0,"20":0},"f":{"0":0,"1":0,"2":0},"b":{"0":[0],"1":[0],"2":[0],"3":[0],"4":[0,0],"5":[0,0],"6":[0,0,0]}}
,"/Users/prayogaantarasputra/Documents/interview/marta/martaflix/components/ui/alert-dialog/index.tsx": {"path":"/Users/prayogaantarasputra/Documents/interview/marta/martaflix/components/ui/alert-dialog/index.tsx","statementMap":{"0":{"start":{"line":20,"column":14},"end":{"line":20,"column":28}},"1":{"start":{"line":22,"column":22},"end":{"line":22,"column":51}},"2":{"start":{"line":27,"column":19},"end":{"line":27,"column":71}},"3":{"start":{"line":32,"column":26},"end":{"line":34,"column":49}},"4":{"start":{"line":36,"column":32},"end":{"line":45,"column":2}},"5":{"start":{"line":47,"column":0},"end":{"line":47,"column":47}},"6":{"start":{"line":48,"column":0},"end":{"line":48,"column":54}},"7":{"start":{"line":50,"column":25},"end":{"line":61,"column":2}},"8":{"start":{"line":63,"column":32},"end":{"line":74,"column":2}},"9":{"start":{"line":76,"column":36},"end":{"line":78,"column":2}},"10":{"start":{"line":80,"column":31},"end":{"line":82,"column":2}},"11":{"start":{"line":84,"column":31},"end":{"line":86,"column":2}},"12":{"start":{"line":88,"column":29},"end":{"line":88,"column":46}},"13":{"start":{"line":90,"column":33},"end":{"line":92,"column":2}},"14":{"start":{"line":129,"column":20},"end":{"line":142,"column":2}},"15":{"start":{"line":133,"column":2},"end":{"line":141,"column":4}},"16":{"start":{"line":144,"column":27},"end":{"line":185,"column":2}},"17":{"start":{"line":148,"column":31},"end":{"line":148,"column":53}},"18":{"start":{"line":150,"column":2},"end":{"line":184,"column":4}},"19":{"start":{"line":187,"column":31},"end":{"line":200,"column":2}},"20":{"start":{"line":191,"column":2},"end":{"line":199,"column":4}},"21":{"start":{"line":202,"column":26},"end":{"line":215,"column":2}},"22":{"start":{"line":206,"column":2},"end":{"line":214,"column":4}},"23":{"start":{"line":217,"column":26},"end":{"line":230,"column":2}},"24":{"start":{"line":221,"column":2},"end":{"line":229,"column":4}},"25":{"start":{"line":232,"column":24},"end":{"line":245,"column":2}},"26":{"start":{"line":236,"column":2},"end":{"line":244,"column":4}},"27":{"start":{"line":247,"column":28},"end":{"line":278,"column":2}},"28":{"start":{"line":251,"column":2},"end":{"line":277,"column":4}},"29":{"start":{"line":280,"column":0},"end":{"line":280,"column":40}},"30":{"start":{"line":281,"column":0},"end":{"line":281,"column":54}},"31":{"start":{"line":282,"column":0},"end":{"line":282,"column":62}},"32":{"start":{"line":283,"column":0},"end":{"line":283,"column":52}},"33":{"start":{"line":284,"column":0},"end":{"line":284,"column":52}},"34":{"start":{"line":285,"column":0},"end":{"line":285,"column":48}},"35":{"start":{"line":286,"column":0},"end":{"line":286,"column":56}}},"fnMap":{"0":{"name":"AlertDialog","decl":{"start":{"line":132,"column":11},"end":{"line":132,"column":22}},"loc":{"start":{"line":132,"column":66},"end":{"line":142,"column":1}},"line":132},"1":{"name":"AlertDialogContent","decl":{"start":{"line":147,"column":11},"end":{"line":147,"column":29}},"loc":{"start":{"line":147,"column":66},"end":{"line":185,"column":1}},"line":147},"2":{"name":"AlertDialogCloseButton","decl":{"start":{"line":190,"column":11},"end":{"line":190,"column":33}},"loc":{"start":{"line":190,"column":64},"end":{"line":200,"column":1}},"line":190},"3":{"name":"AlertDialogHeader","decl":{"start":{"line":205,"column":11},"end":{"line":205,"column":28}},"loc":{"start":{"line":205,"column":59},"end":{"line":215,"column":1}},"line":205},"4":{"name":"AlertDialogFooter","decl":{"start":{"line":220,"column":11},"end":{"line":220,"column":28}},"loc":{"start":{"line":220,"column":59},"end":{"line":230,"column":1}},"line":220},"5":{"name":"AlertDialogBody","decl":{"start":{"line":235,"column":11},"end":{"line":235,"column":26}},"loc":{"start":{"line":235,"column":57},"end":{"line":245,"column":1}},"line":235},"6":{"name":"AlertDialogBackdrop","decl":{"start":{"line":250,"column":11},"end":{"line":250,"column":30}},"loc":{"start":{"line":250,"column":61},"end":{"line":278,"column":1}},"line":250}},"branchMap":{"0":{"loc":{"start":{"line":132,"column":36},"end":{"line":132,"column":47}},"type":"default-arg","locations":[{"start":{"line":132,"column":43},"end":{"line":132,"column":47}}],"line":132}},"s":{"0":0,"1":0,"2":0,"3":0,"4":0,"5":0,"6":0,"7":0,"8":0,"9":0,"10":0,"11":0,"12":0,"13":0,"14":0,"15":0,"16":0,"17":0,"18":0,"19":0,"20":0,"21":0,"22":0,"23":0,"24":0,"25":0,"26":0,"27":0,"28":0,"29":0,"30":0,"31":0,"32":0,"33":0,"34":0,"35":0},"f":{"0":0,"1":0,"2":0,"3":0,"4":0,"5":0,"6":0},"b":{"0":[0]}}
,"/Users/prayogaantarasputra/Documents/interview/marta/martaflix/components/ui/avatar/index.tsx": {"path":"/Users/prayogaantarasputra/Documents/interview/marta/martaflix/components/ui/avatar/index.tsx","statementMap":{"0":{"start":{"line":12,"column":14},"end":{"line":12,"column":22}},"1":{"start":{"line":15,"column":17},"end":{"line":21,"column":2}},"2":{"start":{"line":23,"column":20},"end":{"line":35,"column":2}},"3":{"start":{"line":37,"column":32},"end":{"line":50,"column":2}},"4":{"start":{"line":52,"column":25},"end":{"line":54,"column":2}},"5":{"start":{"line":56,"column":25},"end":{"line":68,"column":2}},"6":{"start":{"line":70,"column":25},"end":{"line":72,"column":2}},"7":{"start":{"line":80,"column":15},"end":{"line":92,"column":2}},"8":{"start":{"line":84,"column":2},"end":{"line":91,"column":4}},"9":{"start":{"line":97,"column":20},"end":{"line":116,"column":2}},"10":{"start":{"line":101,"column":31},"end":{"line":101,"column":53}},"11":{"start":{"line":103,"column":2},"end":{"line":115,"column":4}},"12":{"start":{"line":122,"column":27},"end":{"line":141,"column":2}},"13":{"start":{"line":126,"column":31},"end":{"line":126,"column":53}},"14":{"start":{"line":128,"column":2},"end":{"line":140,"column":4}},"15":{"start":{"line":146,"column":20},"end":{"line":165,"column":2}},"16":{"start":{"line":150,"column":2},"end":{"line":164,"column":4}},"17":{"start":{"line":170,"column":20},"end":{"line":183,"column":2}},"18":{"start":{"line":174,"column":2},"end":{"line":182,"column":4}}},"fnMap":{"0":{"name":"Avatar","decl":{"start":{"line":83,"column":11},"end":{"line":83,"column":17}},"loc":{"start":{"line":83,"column":61},"end":{"line":92,"column":1}},"line":83},"1":{"name":"AvatarBadge","decl":{"start":{"line":100,"column":11},"end":{"line":100,"column":22}},"loc":{"start":{"line":100,"column":59},"end":{"line":116,"column":1}},"line":100},"2":{"name":"AvatarFallbackText","decl":{"start":{"line":125,"column":11},"end":{"line":125,"column":29}},"loc":{"start":{"line":125,"column":66},"end":{"line":141,"column":1}},"line":125},"3":{"name":"AvatarImage","decl":{"start":{"line":149,"column":11},"end":{"line":149,"column":22}},"loc":{"start":{"line":149,"column":53},"end":{"line":165,"column":1}},"line":149},"4":{"name":"AvatarGroup","decl":{"start":{"line":173,"column":11},"end":{"line":173,"column":22}},"loc":{"start":{"line":173,"column":53},"end":{"line":183,"column":1}},"line":173}},"branchMap":{"0":{"loc":{"start":{"line":83,"column":31},"end":{"line":83,"column":42}},"type":"default-arg","locations":[{"start":{"line":83,"column":38},"end":{"line":83,"column":42}}],"line":83},"1":{"loc":{"start":{"line":159,"column":8},"end":{"line":161,"column":21}},"type":"cond-expr","locations":[{"start":{"line":160,"column":12},"end":{"line":160,"column":61}},{"start":{"line":161,"column":12},"end":{"line":161,"column":21}}],"line":159}},"s":{"0":0,"1":0,"2":0,"3":0,"4":0,"5":0,"6":0,"7":0,"8":0,"9":0,"10":0,"11":0,"12":0,"13":0,"14":0,"15":0,"16":0,"17":0,"18":0},"f":{"0":0,"1":0,"2":0,"3":0,"4":0},"b":{"0":[0],"1":[0,0]}}
,"/Users/prayogaantarasputra/Documents/interview/marta/martaflix/components/ui/badge/index.tsx": {"path":"/Users/prayogaantarasputra/Documents/interview/marta/martaflix/components/ui/badge/index.tsx","statementMap":{"0":{"start":{"line":14,"column":14},"end":{"line":14,"column":21}},"1":{"start":{"line":16,"column":19},"end":{"line":36,"column":2}},"2":{"start":{"line":38,"column":23},"end":{"line":78,"column":2}},"3":{"start":{"line":80,"column":23},"end":{"line":96,"column":2}},"4":{"start":{"line":98,"column":20},"end":{"line":98,"column":49}},"5":{"start":{"line":100,"column":0},"end":{"line":111,"column":3}},"6":{"start":{"line":123,"column":2},"end":{"line":135,"column":4}},"7":{"start":{"line":141,"column":18},"end":{"line":162,"column":2}},"8":{"start":{"line":145,"column":53},"end":{"line":145,"column":75}},"9":{"start":{"line":146,"column":2},"end":{"line":161,"column":4}},"10":{"start":{"line":167,"column":18},"end":{"line":208,"column":2}},"11":{"start":{"line":171,"column":53},"end":{"line":171,"column":75}},"12":{"start":{"line":173,"column":2},"end":{"line":193,"column":3}},"13":{"start":{"line":174,"column":4},"end":{"line":181,"column":6}},"14":{"start":{"line":182,"column":9},"end":{"line":193,"column":3}},"15":{"start":{"line":186,"column":4},"end":{"line":192,"column":6}},"16":{"start":{"line":194,"column":2},"end":{"line":207,"column":4}},"17":{"start":{"line":210,"column":0},"end":{"line":210,"column":28}},"18":{"start":{"line":211,"column":0},"end":{"line":211,"column":36}},"19":{"start":{"line":212,"column":0},"end":{"line":212,"column":36}}},"fnMap":{"0":{"name":"Badge","decl":{"start":{"line":115,"column":9},"end":{"line":115,"column":14}},"loc":{"start":{"line":122,"column":41},"end":{"line":136,"column":1}},"line":122},"1":{"name":"BadgeText","decl":{"start":{"line":144,"column":11},"end":{"line":144,"column":20}},"loc":{"start":{"line":144,"column":67},"end":{"line":162,"column":1}},"line":144},"2":{"name":"BadgeIcon","decl":{"start":{"line":170,"column":11},"end":{"line":170,"column":20}},"loc":{"start":{"line":170,"column":57},"end":{"line":208,"column":1}},"line":170}},"branchMap":{"0":{"loc":{"start":{"line":117,"column":2},"end":{"line":117,"column":18}},"type":"default-arg","locations":[{"start":{"line":117,"column":11},"end":{"line":117,"column":18}}],"line":117},"1":{"loc":{"start":{"line":118,"column":2},"end":{"line":118,"column":19}},"type":"default-arg","locations":[{"start":{"line":118,"column":12},"end":{"line":118,"column":19}}],"line":118},"2":{"loc":{"start":{"line":119,"column":2},"end":{"line":119,"column":13}},"type":"default-arg","locations":[{"start":{"line":119,"column":9},"end":{"line":119,"column":13}}],"line":119},"3":{"loc":{"start":{"line":173,"column":2},"end":{"line":193,"column":3}},"type":"if","locations":[{"start":{"line":173,"column":2},"end":{"line":193,"column":3}},{"start":{"line":182,"column":9},"end":{"line":193,"column":3}}],"line":173},"4":{"loc":{"start":{"line":182,"column":9},"end":{"line":193,"column":3}},"type":"if","locations":[{"start":{"line":182,"column":9},"end":{"line":193,"column":3}},{"start":{},"end":{}}],"line":182},"5":{"loc":{"start":{"line":183,"column":4},"end":{"line":184,"column":22}},"type":"binary-expr","locations":[{"start":{"line":183,"column":5},"end":{"line":183,"column":32}},{"start":{"line":183,"column":36},"end":{"line":183,"column":62}},{"start":{"line":184,"column":4},"end":{"line":184,"column":22}}],"line":183}},"s":{"0":0,"1":0,"2":0,"3":0,"4":0,"5":0,"6":0,"7":0,"8":0,"9":0,"10":0,"11":0,"12":0,"13":0,"14":0,"15":0,"16":0,"17":0,"18":0,"19":0},"f":{"0":0,"1":0,"2":0},"b":{"0":[0],"1":[0],"2":[0],"3":[0,0],"4":[0,0],"5":[0,0,0]}}
,"/Users/prayogaantarasputra/Documents/interview/marta/martaflix/components/ui/box/index.tsx": {"path":"/Users/prayogaantarasputra/Documents/interview/marta/martaflix/components/ui/box/index.tsx","statementMap":{"0":{"start":{"line":10,"column":12},"end":{"line":16,"column":1}},"1":{"start":{"line":12,"column":4},"end":{"line":14,"column":6}},"2":{"start":{"line":18,"column":0},"end":{"line":18,"column":24}}},"fnMap":{"0":{"name":"Box","decl":{"start":{"line":11,"column":11},"end":{"line":11,"column":14}},"loc":{"start":{"line":11,"column":45},"end":{"line":15,"column":3}},"line":11}},"branchMap":{},"s":{"0":0,"1":0,"2":0},"f":{"0":0},"b":{}}
,"/Users/prayogaantarasputra/Documents/interview/marta/martaflix/components/ui/box/index.web.tsx": {"path":"/Users/prayogaantarasputra/Documents/interview/marta/martaflix/components/ui/box/index.web.tsx","statementMap":{"0":{"start":{"line":9,"column":12},"end":{"line":16,"column":2}},"1":{"start":{"line":13,"column":2},"end":{"line":15,"column":4}},"2":{"start":{"line":18,"column":0},"end":{"line":18,"column":24}}},"fnMap":{"0":{"name":"Box","decl":{"start":{"line":9,"column":65},"end":{"line":9,"column":68}},"loc":{"start":{"line":12,"column":2},"end":{"line":16,"column":1}},"line":12}},"branchMap":{},"s":{"0":0,"1":0,"2":0},"f":{"0":0},"b":{}}
,"/Users/prayogaantarasputra/Documents/interview/marta/martaflix/components/ui/box/styles.tsx": {"path":"/Users/prayogaantarasputra/Documents/interview/marta/martaflix/components/ui/box/styles.tsx","statementMap":{"0":{"start":{"line":4,"column":18},"end":{"line":6,"column":6}},"1":{"start":{"line":8,"column":24},"end":{"line":10,"column":2}}},"fnMap":{},"branchMap":{"0":{"loc":{"start":{"line":4,"column":18},"end":{"line":6,"column":6}},"type":"cond-expr","locations":[{"start":{"line":5,"column":4},"end":{"line":5,"column":136}},{"start":{"line":6,"column":4},"end":{"line":6,"column":6}}],"line":4}},"s":{"0":0,"1":0},"f":{},"b":{"0":[0,0]}}
,"/Users/prayogaantarasputra/Documents/interview/marta/martaflix/components/ui/button/index.tsx": {"path":"/Users/prayogaantarasputra/Documents/interview/marta/martaflix/components/ui/button/index.tsx","statementMap":{"0":{"start":{"line":14,"column":14},"end":{"line":14,"column":22}},"1":{"start":{"line":16,"column":13},"end":{"line":16,"column":47}},"2":{"start":{"line":18,"column":17},"end":{"line":24,"column":2}},"3":{"start":{"line":26,"column":0},"end":{"line":37,"column":3}},"4":{"start":{"line":39,"column":20},"end":{"line":119,"column":2}},"5":{"start":{"line":121,"column":24},"end":{"line":198,"column":2}},"6":{"start":{"line":200,"column":24},"end":{"line":254,"column":2}},"7":{"start":{"line":256,"column":25},"end":{"line":279,"column":2}},"8":{"start":{"line":287,"column":15},"end":{"line":302,"column":2}},"9":{"start":{"line":294,"column":2},"end":{"line":301,"column":4}},"10":{"start":{"line":307,"column":19},"end":{"line":334,"column":2}},"11":{"start":{"line":315,"column":6},"end":{"line":315,"column":28}},"12":{"start":{"line":317,"column":2},"end":{"line":333,"column":4}},"13":{"start":{"line":336,"column":22},"end":{"line":336,"column":38}},"14":{"start":{"line":346,"column":19},"end":{"line":392,"column":2}},"15":{"start":{"line":354,"column":6},"end":{"line":354,"column":28}},"16":{"start":{"line":356,"column":2},"end":{"line":376,"column":3}},"17":{"start":{"line":357,"column":4},"end":{"line":364,"column":6}},"18":{"start":{"line":365,"column":9},"end":{"line":376,"column":3}},"19":{"start":{"line":369,"column":4},"end":{"line":375,"column":6}},"20":{"start":{"line":377,"column":2},"end":{"line":391,"column":4}},"21":{"start":{"line":397,"column":20},"end":{"line":422,"column":2}},"22":{"start":{"line":410,"column":2},"end":{"line":421,"column":4}},"23":{"start":{"line":424,"column":0},"end":{"line":424,"column":30}},"24":{"start":{"line":425,"column":0},"end":{"line":425,"column":38}},"25":{"start":{"line":426,"column":0},"end":{"line":426,"column":44}},"26":{"start":{"line":427,"column":0},"end":{"line":427,"column":38}},"27":{"start":{"line":428,"column":0},"end":{"line":428,"column":40}}},"fnMap":{"0":{"name":"Button","decl":{"start":{"line":290,"column":11},"end":{"line":290,"column":17}},"loc":{"start":{"line":293,"column":2},"end":{"line":302,"column":1}},"line":293},"1":{"name":"ButtonText","decl":{"start":{"line":310,"column":11},"end":{"line":310,"column":21}},"loc":{"start":{"line":310,"column":75},"end":{"line":334,"column":1}},"line":310},"2":{"name":"ButtonIcon","decl":{"start":{"line":349,"column":11},"end":{"line":349,"column":21}},"loc":{"start":{"line":349,"column":58},"end":{"line":392,"column":1}},"line":349},"3":{"name":"ButtonGroup","decl":{"start":{"line":400,"column":11},"end":{"line":400,"column":22}},"loc":{"start":{"line":409,"column":2},"end":{"line":422,"column":1}},"line":409}},"branchMap":{"0":{"loc":{"start":{"line":291,"column":15},"end":{"line":291,"column":32}},"type":"default-arg","locations":[{"start":{"line":291,"column":25},"end":{"line":291,"column":32}}],"line":291},"1":{"loc":{"start":{"line":291,"column":34},"end":{"line":291,"column":45}},"type":"default-arg","locations":[{"start":{"line":291,"column":41},"end":{"line":291,"column":45}}],"line":291},"2":{"loc":{"start":{"line":291,"column":47},"end":{"line":291,"column":65}},"type":"default-arg","locations":[{"start":{"line":291,"column":56},"end":{"line":291,"column":65}}],"line":291},"3":{"loc":{"start":{"line":356,"column":2},"end":{"line":376,"column":3}},"type":"if","locations":[{"start":{"line":356,"column":2},"end":{"line":376,"column":3}},{"start":{"line":365,"column":9},"end":{"line":376,"column":3}}],"line":356},"4":{"loc":{"start":{"line":365,"column":9},"end":{"line":376,"column":3}},"type":"if","locations":[{"start":{"line":365,"column":9},"end":{"line":376,"column":3}},{"start":{},"end":{}}],"line":365},"5":{"loc":{"start":{"line":366,"column":4},"end":{"line":367,"column":22}},"type":"binary-expr","locations":[{"start":{"line":366,"column":5},"end":{"line":366,"column":31}},{"start":{"line":366,"column":35},"end":{"line":366,"column":60}},{"start":{"line":367,"column":4},"end":{"line":367,"column":22}}],"line":366},"6":{"loc":{"start":{"line":403,"column":4},"end":{"line":403,"column":16}},"type":"default-arg","locations":[{"start":{"line":403,"column":12},"end":{"line":403,"column":16}}],"line":403},"7":{"loc":{"start":{"line":404,"column":4},"end":{"line":404,"column":22}},"type":"default-arg","locations":[{"start":{"line":404,"column":17},"end":{"line":404,"column":22}}],"line":404},"8":{"loc":{"start":{"line":405,"column":4},"end":{"line":405,"column":28}},"type":"default-arg","locations":[{"start":{"line":405,"column":20},"end":{"line":405,"column":28}}],"line":405}},"s":{"0":0,"1":0,"2":0,"3":0,"4":0,"5":0,"6":0,"7":0,"8":0,"9":0,"10":0,"11":0,"12":0,"13":0,"14":0,"15":0,"16":0,"17":0,"18":0,"19":0,"20":0,"21":0,"22":0,"23":0,"24":0,"25":0,"26":0,"27":0},"f":{"0":0,"1":0,"2":0,"3":0},"b":{"0":[0],"1":[0],"2":[0],"3":[0,0],"4":[0,0],"5":[0,0,0],"6":[0],"7":[0],"8":[0]}}
,"/Users/prayogaantarasputra/Documents/interview/marta/martaflix/components/ui/card/index.tsx": {"path":"/Users/prayogaantarasputra/Documents/interview/marta/martaflix/components/ui/card/index.tsx","statementMap":{"0":{"start":{"line":9,"column":13},"end":{"line":22,"column":1}},"1":{"start":{"line":14,"column":4},"end":{"line":20,"column":6}},"2":{"start":{"line":24,"column":0},"end":{"line":24,"column":26}}},"fnMap":{"0":{"name":"Card","decl":{"start":{"line":10,"column":11},"end":{"line":10,"column":15}},"loc":{"start":{"line":13,"column":4},"end":{"line":21,"column":3}},"line":13}},"branchMap":{"0":{"loc":{"start":{"line":11,"column":17},"end":{"line":11,"column":28}},"type":"default-arg","locations":[{"start":{"line":11,"column":24},"end":{"line":11,"column":28}}],"line":11},"1":{"loc":{"start":{"line":11,"column":30},"end":{"line":11,"column":50}},"type":"default-arg","locations":[{"start":{"line":11,"column":40},"end":{"line":11,"column":50}}],"line":11}},"s":{"0":0,"1":0,"2":0},"f":{"0":0},"b":{"0":[0],"1":[0]}}
,"/Users/prayogaantarasputra/Documents/interview/marta/martaflix/components/ui/card/index.web.tsx": {"path":"/Users/prayogaantarasputra/Documents/interview/marta/martaflix/components/ui/card/index.web.tsx","statementMap":{"0":{"start":{"line":8,"column":13},"end":{"line":19,"column":2}},"1":{"start":{"line":12,"column":2},"end":{"line":18,"column":4}},"2":{"start":{"line":21,"column":0},"end":{"line":21,"column":26}}},"fnMap":{"0":{"name":"Card","decl":{"start":{"line":8,"column":67},"end":{"line":8,"column":71}},"loc":{"start":{"line":11,"column":2},"end":{"line":19,"column":1}},"line":11}},"branchMap":{"0":{"loc":{"start":{"line":9,"column":15},"end":{"line":9,"column":26}},"type":"default-arg","locations":[{"start":{"line":9,"column":22},"end":{"line":9,"column":26}}],"line":9},"1":{"loc":{"start":{"line":9,"column":28},"end":{"line":9,"column":48}},"type":"default-arg","locations":[{"start":{"line":9,"column":38},"end":{"line":9,"column":48}}],"line":9}},"s":{"0":0,"1":0,"2":0},"f":{"0":0},"b":{"0":[0],"1":[0]}}
,"/Users/prayogaantarasputra/Documents/interview/marta/martaflix/components/ui/card/styles.tsx": {"path":"/Users/prayogaantarasputra/Documents/interview/marta/martaflix/components/ui/card/styles.tsx","statementMap":{"0":{"start":{"line":3,"column":18},"end":{"line":3,"column":59}},"1":{"start":{"line":5,"column":25},"end":{"line":20,"column":2}}},"fnMap":{},"branchMap":{"0":{"loc":{"start":{"line":3,"column":18},"end":{"line":3,"column":59}},"type":"cond-expr","locations":[{"start":{"line":3,"column":26},"end":{"line":3,"column":54}},{"start":{"line":3,"column":57},"end":{"line":3,"column":59}}],"line":3}},"s":{"0":0,"1":0},"f":{},"b":{"0":[0,0]}}
,"/Users/prayogaantarasputra/Documents/interview/marta/martaflix/components/ui/center/index.tsx": {"path":"/Users/prayogaantarasputra/Documents/interview/marta/martaflix/components/ui/center/index.tsx","statementMap":{"0":{"start":{"line":8,"column":15},"end":{"line":18,"column":1}},"1":{"start":{"line":10,"column":4},"end":{"line":16,"column":6}},"2":{"start":{"line":20,"column":0},"end":{"line":20,"column":30}}},"fnMap":{"0":{"name":"Center","decl":{"start":{"line":9,"column":11},"end":{"line":9,"column":17}},"loc":{"start":{"line":9,"column":48},"end":{"line":17,"column":3}},"line":9}},"branchMap":{},"s":{"0":0,"1":0,"2":0},"f":{"0":0},"b":{}}
,"/Users/prayogaantarasputra/Documents/interview/marta/martaflix/components/ui/center/index.web.tsx": {"path":"/Users/prayogaantarasputra/Documents/interview/marta/martaflix/components/ui/center/index.web.tsx","statementMap":{"0":{"start":{"line":9,"column":15},"end":{"line":16,"column":2}},"1":{"start":{"line":13,"column":2},"end":{"line":15,"column":4}},"2":{"start":{"line":18,"column":0},"end":{"line":18,"column":30}}},"fnMap":{"0":{"name":"Center","decl":{"start":{"line":9,"column":71},"end":{"line":9,"column":77}},"loc":{"start":{"line":12,"column":2},"end":{"line":16,"column":1}},"line":12}},"branchMap":{},"s":{"0":0,"1":0,"2":0},"f":{"0":0},"b":{}}
,"/Users/prayogaantarasputra/Documents/interview/marta/martaflix/components/ui/center/styles.tsx": {"path":"/Users/prayogaantarasputra/Documents/interview/marta/martaflix/components/ui/center/styles.tsx","statementMap":{"0":{"start":{"line":4,"column":18},"end":{"line":4,"column":59}},"1":{"start":{"line":6,"column":27},"end":{"line":8,"column":2}}},"fnMap":{},"branchMap":{"0":{"loc":{"start":{"line":4,"column":18},"end":{"line":4,"column":59}},"type":"cond-expr","locations":[{"start":{"line":4,"column":26},"end":{"line":4,"column":54}},{"start":{"line":4,"column":57},"end":{"line":4,"column":59}}],"line":4}},"s":{"0":0,"1":0},"f":{},"b":{"0":[0,0]}}
,"/Users/prayogaantarasputra/Documents/interview/marta/martaflix/components/ui/checkbox/index.tsx": {"path":"/Users/prayogaantarasputra/Documents/interview/marta/martaflix/components/ui/checkbox/index.tsx","statementMap":{"0":{"start":{"line":15,"column":25},"end":{"line":20,"column":2}},"1":{"start":{"line":19,"column":2},"end":{"line":19,"column":39}},"2":{"start":{"line":22,"column":21},"end":{"line":27,"column":2}},"3":{"start":{"line":26,"column":2},"end":{"line":26,"column":39}},"4":{"start":{"line":29,"column":20},"end":{"line":34,"column":2}},"5":{"start":{"line":33,"column":2},"end":{"line":33,"column":41}},"6":{"start":{"line":36,"column":14},"end":{"line":36,"column":24}},"7":{"start":{"line":37,"column":19},"end":{"line":47,"column":2}},"8":{"start":{"line":49,"column":0},"end":{"line":60,"column":3}},"9":{"start":{"line":62,"column":22},"end":{"line":71,"column":2}},"10":{"start":{"line":73,"column":31},"end":{"line":82,"column":2}},"11":{"start":{"line":84,"column":27},"end":{"line":93,"column":2}},"12":{"start":{"line":95,"column":26},"end":{"line":105,"column":2}},"13":{"start":{"line":107,"column":22},"end":{"line":107,"column":38}},"14":{"start":{"line":112,"column":17},"end":{"line":129,"column":2}},"15":{"start":{"line":116,"column":2},"end":{"line":128,"column":4}},"16":{"start":{"line":136,"column":26},"end":{"line":154,"column":2}},"17":{"start":{"line":140,"column":31},"end":{"line":140,"column":53}},"18":{"start":{"line":142,"column":2},"end":{"line":153,"column":4}},"19":{"start":{"line":160,"column":22},"end":{"line":177,"column":2}},"20":{"start":{"line":164,"column":31},"end":{"line":164,"column":53}},"21":{"start":{"line":165,"column":2},"end":{"line":176,"column":4}},"22":{"start":{"line":184,"column":21},"end":{"line":225,"column":2}},"23":{"start":{"line":188,"column":31},"end":{"line":188,"column":53}},"24":{"start":{"line":190,"column":2},"end":{"line":210,"column":3}},"25":{"start":{"line":191,"column":4},"end":{"line":198,"column":6}},"26":{"start":{"line":199,"column":9},"end":{"line":210,"column":3}},"27":{"start":{"line":203,"column":4},"end":{"line":209,"column":6}},"28":{"start":{"line":212,"column":2},"end":{"line":224,"column":4}},"29":{"start":{"line":227,"column":0},"end":{"line":227,"column":34}},"30":{"start":{"line":228,"column":0},"end":{"line":228,"column":52}},"31":{"start":{"line":229,"column":0},"end":{"line":229,"column":44}},"32":{"start":{"line":230,"column":0},"end":{"line":230,"column":42}}},"fnMap":{"0":{"name":"IndicatorWrapper","decl":{"start":{"line":18,"column":11},"end":{"line":18,"column":27}},"loc":{"start":{"line":18,"column":47},"end":{"line":20,"column":1}},"line":18},"1":{"name":"LabelWrapper","decl":{"start":{"line":25,"column":11},"end":{"line":25,"column":23}},"loc":{"start":{"line":25,"column":43},"end":{"line":27,"column":1}},"line":25},"2":{"name":"IconWrapper","decl":{"start":{"line":32,"column":11},"end":{"line":32,"column":22}},"loc":{"start":{"line":32,"column":42},"end":{"line":34,"column":1}},"line":32},"3":{"name":"Checkbox","decl":{"start":{"line":115,"column":11},"end":{"line":115,"column":19}},"loc":{"start":{"line":115,"column":63},"end":{"line":129,"column":1}},"line":115},"4":{"name":"CheckboxIndicator","decl":{"start":{"line":139,"column":11},"end":{"line":139,"column":28}},"loc":{"start":{"line":139,"column":59},"end":{"line":154,"column":1}},"line":139},"5":{"name":"CheckboxLabel","decl":{"start":{"line":163,"column":11},"end":{"line":163,"column":24}},"loc":{"start":{"line":163,"column":55},"end":{"line":177,"column":1}},"line":163},"6":{"name":"CheckboxIcon","decl":{"start":{"line":187,"column":11},"end":{"line":187,"column":23}},"loc":{"start":{"line":187,"column":60},"end":{"line":225,"column":1}},"line":187}},"branchMap":{"0":{"loc":{"start":{"line":40,"column":4},"end":{"line":42,"column":42}},"type":"cond-expr","locations":[{"start":{"line":41,"column":8},"end":{"line":41,"column":37}},{"start":{"line":42,"column":8},"end":{"line":42,"column":42}}],"line":40},"1":{"loc":{"start":{"line":115,"column":33},"end":{"line":115,"column":44}},"type":"default-arg","locations":[{"start":{"line":115,"column":40},"end":{"line":115,"column":44}}],"line":115},"2":{"loc":{"start":{"line":190,"column":2},"end":{"line":210,"column":3}},"type":"if","locations":[{"start":{"line":190,"column":2},"end":{"line":210,"column":3}},{"start":{"line":199,"column":9},"end":{"line":210,"column":3}}],"line":190},"3":{"loc":{"start":{"line":199,"column":9},"end":{"line":210,"column":3}},"type":"if","locations":[{"start":{"line":199,"column":9},"end":{"line":210,"column":3}},{"start":{},"end":{}}],"line":199},"4":{"loc":{"start":{"line":200,"column":4},"end":{"line":201,"column":22}},"type":"binary-expr","locations":[{"start":{"line":200,"column":5},"end":{"line":200,"column":31}},{"start":{"line":200,"column":35},"end":{"line":200,"column":60}},{"start":{"line":201,"column":4},"end":{"line":201,"column":22}}],"line":200}},"s":{"0":0,"1":0,"2":0,"3":0,"4":0,"5":0,"6":0,"7":0,"8":0,"9":0,"10":0,"11":0,"12":0,"13":0,"14":0,"15":0,"16":0,"17":0,"18":0,"19":0,"20":0,"21":0,"22":0,"23":0,"24":0,"25":0,"26":0,"27":0,"28":0,"29":0,"30":0,"31":0,"32":0},"f":{"0":0,"1":0,"2":0,"3":0,"4":0,"5":0,"6":0},"b":{"0":[0,0],"1":[0],"2":[0,0],"3":[0,0],"4":[0,0,0]}}
,"/Users/prayogaantarasputra/Documents/interview/marta/martaflix/components/ui/divider/index.tsx": {"path":"/Users/prayogaantarasputra/Documents/interview/marta/martaflix/components/ui/divider/index.tsx","statementMap":{"0":{"start":{"line":7,"column":21},"end":{"line":15,"column":2}},"1":{"start":{"line":20,"column":16},"end":{"line":36,"column":2}},"2":{"start":{"line":24,"column":2},"end":{"line":35,"column":4}},"3":{"start":{"line":38,"column":0},"end":{"line":38,"column":32}}},"fnMap":{"0":{"name":"Divider","decl":{"start":{"line":23,"column":11},"end":{"line":23,"column":18}},"loc":{"start":{"line":23,"column":77},"end":{"line":36,"column":1}},"line":23}},"branchMap":{"0":{"loc":{"start":{"line":23,"column":32},"end":{"line":23,"column":58}},"type":"default-arg","locations":[{"start":{"line":23,"column":46},"end":{"line":23,"column":58}}],"line":23},"1":{"loc":{"start":{"line":29,"column":12},"end":{"line":29,"column":59}},"type":"cond-expr","locations":[{"start":{"line":29,"column":36},"end":{"line":29,"column":47}},{"start":{"line":29,"column":50},"end":{"line":29,"column":59}}],"line":29}},"s":{"0":0,"1":0,"2":0,"3":0},"f":{"0":0},"b":{"0":[0],"1":[0,0]}}
,"/Users/prayogaantarasputra/Documents/interview/marta/martaflix/components/ui/drawer/index.tsx": {"path":"/Users/prayogaantarasputra/Documents/interview/marta/martaflix/components/ui/drawer/index.tsx","statementMap":{"0":{"start":{"line":28,"column":26},"end":{"line":30,"column":49}},"1":{"start":{"line":32,"column":14},"end":{"line":32,"column":21}},"2":{"start":{"line":33,"column":20},"end":{"line":33,"column":50}},"3":{"start":{"line":34,"column":21},"end":{"line":34,"column":52}},"4":{"start":{"line":35,"column":41},"end":{"line":40,"column":1}},"5":{"start":{"line":45,"column":19},"end":{"line":45,"column":71}},"6":{"start":{"line":47,"column":17},"end":{"line":56,"column":2}},"7":{"start":{"line":58,"column":0},"end":{"line":58,"column":54}},"8":{"start":{"line":59,"column":0},"end":{"line":59,"column":47}},"9":{"start":{"line":61,"column":20},"end":{"line":77,"column":2}},"10":{"start":{"line":79,"column":28},"end":{"line":81,"column":2}},"11":{"start":{"line":83,"column":27},"end":{"line":141,"column":2}},"12":{"start":{"line":143,"column":31},"end":{"line":145,"column":2}},"13":{"start":{"line":147,"column":26},"end":{"line":149,"column":2}},"14":{"start":{"line":151,"column":24},"end":{"line":153,"column":2}},"15":{"start":{"line":155,"column":26},"end":{"line":157,"column":2}},"16":{"start":{"line":182,"column":15},"end":{"line":195,"column":2}},"17":{"start":{"line":186,"column":2},"end":{"line":194,"column":4}},"18":{"start":{"line":197,"column":23},"end":{"line":228,"column":2}},"19":{"start":{"line":201,"column":2},"end":{"line":227,"column":4}},"20":{"start":{"line":230,"column":22},"end":{"line":276,"column":2}},"21":{"start":{"line":234,"column":53},"end":{"line":234,"column":75}},"22":{"start":{"line":236,"column":23},"end":{"line":236,"column":69}},"23":{"start":{"line":237,"column":22},"end":{"line":237,"column":67}},"24":{"start":{"line":239,"column":23},"end":{"line":239,"column":74}},"25":{"start":{"line":241,"column":21},"end":{"line":243,"column":66}},"26":{"start":{"line":245,"column":21},"end":{"line":245,"column":55}},"27":{"start":{"line":247,"column":18},"end":{"line":249,"column":66}},"28":{"start":{"line":251,"column":22},"end":{"line":253,"column":63}},"29":{"start":{"line":255,"column":2},"end":{"line":275,"column":4}},"30":{"start":{"line":278,"column":21},"end":{"line":291,"column":2}},"31":{"start":{"line":282,"column":2},"end":{"line":290,"column":4}},"32":{"start":{"line":293,"column":19},"end":{"line":306,"column":2}},"33":{"start":{"line":297,"column":2},"end":{"line":305,"column":4}},"34":{"start":{"line":308,"column":21},"end":{"line":321,"column":2}},"35":{"start":{"line":312,"column":2},"end":{"line":320,"column":4}},"36":{"start":{"line":323,"column":26},"end":{"line":336,"column":2}},"37":{"start":{"line":327,"column":2},"end":{"line":335,"column":4}},"38":{"start":{"line":338,"column":0},"end":{"line":338,"column":30}},"39":{"start":{"line":339,"column":0},"end":{"line":339,"column":46}},"40":{"start":{"line":340,"column":0},"end":{"line":340,"column":44}},"41":{"start":{"line":341,"column":0},"end":{"line":341,"column":42}},"42":{"start":{"line":342,"column":0},"end":{"line":342,"column":38}},"43":{"start":{"line":343,"column":0},"end":{"line":343,"column":42}},"44":{"start":{"line":344,"column":0},"end":{"line":344,"column":52}}},"fnMap":{"0":{"name":"Drawer","decl":{"start":{"line":185,"column":11},"end":{"line":185,"column":17}},"loc":{"start":{"line":185,"column":78},"end":{"line":195,"column":1}},"line":185},"1":{"name":"DrawerBackdrop","decl":{"start":{"line":200,"column":11},"end":{"line":200,"column":25}},"loc":{"start":{"line":200,"column":56},"end":{"line":228,"column":1}},"line":200},"2":{"name":"DrawerContent","decl":{"start":{"line":233,"column":11},"end":{"line":233,"column":24}},"loc":{"start":{"line":233,"column":55},"end":{"line":276,"column":1}},"line":233},"3":{"name":"DrawerHeader","decl":{"start":{"line":281,"column":11},"end":{"line":281,"column":23}},"loc":{"start":{"line":281,"column":54},"end":{"line":291,"column":1}},"line":281},"4":{"name":"DrawerBody","decl":{"start":{"line":296,"column":11},"end":{"line":296,"column":21}},"loc":{"start":{"line":296,"column":52},"end":{"line":306,"column":1}},"line":296},"5":{"name":"DrawerFooter","decl":{"start":{"line":311,"column":11},"end":{"line":311,"column":23}},"loc":{"start":{"line":311,"column":54},"end":{"line":321,"column":1}},"line":311},"6":{"name":"DrawerCloseButton","decl":{"start":{"line":326,"column":11},"end":{"line":326,"column":28}},"loc":{"start":{"line":326,"column":59},"end":{"line":336,"column":1}},"line":326}},"branchMap":{"0":{"loc":{"start":{"line":185,"column":31},"end":{"line":185,"column":42}},"type":"default-arg","locations":[{"start":{"line":185,"column":38},"end":{"line":185,"column":42}}],"line":185},"1":{"loc":{"start":{"line":185,"column":44},"end":{"line":185,"column":59}},"type":"default-arg","locations":[{"start":{"line":185,"column":53},"end":{"line":185,"column":59}}],"line":185},"2":{"loc":{"start":{"line":236,"column":39},"end":{"line":236,"column":68}},"type":"binary-expr","locations":[{"start":{"line":236,"column":39},"end":{"line":236,"column":56}},{"start":{"line":236,"column":60},"end":{"line":236,"column":68}}],"line":236},"3":{"loc":{"start":{"line":237,"column":37},"end":{"line":237,"column":66}},"type":"binary-expr","locations":[{"start":{"line":237,"column":37},"end":{"line":237,"column":54}},{"start":{"line":237,"column":58},"end":{"line":237,"column":66}}],"line":237},"4":{"loc":{"start":{"line":239,"column":23},"end":{"line":239,"column":74}},"type":"binary-expr","locations":[{"start":{"line":239,"column":23},"end":{"line":239,"column":46}},{"start":{"line":239,"column":50},"end":{"line":239,"column":74}}],"line":239},"5":{"loc":{"start":{"line":241,"column":21},"end":{"line":243,"column":66}},"type":"cond-expr","locations":[{"start":{"line":242,"column":6},"end":{"line":242,"column":65}},{"start":{"line":243,"column":6},"end":{"line":243,"column":66}}],"line":241},"6":{"loc":{"start":{"line":242,"column":11},"end":{"line":242,"column":63}},"type":"cond-expr","locations":[{"start":{"line":242,"column":37},"end":{"line":242,"column":49}},{"start":{"line":242,"column":52},"end":{"line":242,"column":63}}],"line":242},"7":{"loc":{"start":{"line":243,"column":11},"end":{"line":243,"column":64}},"type":"cond-expr","locations":[{"start":{"line":243,"column":36},"end":{"line":243,"column":49}},{"start":{"line":243,"column":52},"end":{"line":243,"column":64}}],"line":243},"8":{"loc":{"start":{"line":245,"column":21},"end":{"line":245,"column":55}},"type":"cond-expr","locations":[{"start":{"line":245,"column":36},"end":{"line":245,"column":44}},{"start":{"line":245,"column":47},"end":{"line":245,"column":55}}],"line":245},"9":{"loc":{"start":{"line":247,"column":18},"end":{"line":249,"column":66}},"type":"cond-expr","locations":[{"start":{"line":248,"column":6},"end":{"line":248,"column":65}},{"start":{"line":249,"column":6},"end":{"line":249,"column":66}}],"line":247},"10":{"loc":{"start":{"line":248,"column":11},"end":{"line":248,"column":63}},"type":"cond-expr","locations":[{"start":{"line":248,"column":37},"end":{"line":248,"column":49}},{"start":{"line":248,"column":52},"end":{"line":248,"column":63}}],"line":248},"11":{"loc":{"start":{"line":249,"column":11},"end":{"line":249,"column":64}},"type":"cond-expr","locations":[{"start":{"line":249,"column":36},"end":{"line":249,"column":49}},{"start":{"line":249,"column":52},"end":{"line":249,"column":64}}],"line":249},"12":{"loc":{"start":{"line":251,"column":22},"end":{"line":253,"column":63}},"type":"cond-expr","locations":[{"start":{"line":252,"column":6},"end":{"line":252,"column":63}},{"start":{"line":253,"column":6},"end":{"line":253,"column":63}}],"line":251},"13":{"loc":{"start":{"line":252,"column":15},"end":{"line":252,"column":61}},"type":"cond-expr","locations":[{"start":{"line":252,"column":41},"end":{"line":252,"column":49}},{"start":{"line":252,"column":52},"end":{"line":252,"column":61}}],"line":252},"14":{"loc":{"start":{"line":253,"column":16},"end":{"line":253,"column":61}},"type":"cond-expr","locations":[{"start":{"line":253,"column":41},"end":{"line":253,"column":48}},{"start":{"line":253,"column":51},"end":{"line":253,"column":61}}],"line":253}},"s":{"0":0,"1":0,"2":0,"3":0,"4":0,"5":0,"6":0,"7":0,"8":0,"9":0,"10":0,"11":0,"12":0,"13":0,"14":0,"15":0,"16":0,"17":0,"18":0,"19":0,"20":0,"21":0,"22":0,"23":0,"24":0,"25":0,"26":0,"27":0,"28":0,"29":0,"30":0,"31":0,"32":0,"33":0,"34":0,"35":0,"36":0,"37":0,"38":0,"39":0,"40":0,"41":0,"42":0,"43":0,"44":0},"f":{"0":0,"1":0,"2":0,"3":0,"4":0,"5":0,"6":0},"b":{"0":[0],"1":[0],"2":[0,0],"3":[0,0],"4":[0,0],"5":[0,0],"6":[0,0],"7":[0,0],"8":[0,0],"9":[0,0],"10":[0,0],"11":[0,0],"12":[0,0],"13":[0,0],"14":[0,0]}}
,"/Users/prayogaantarasputra/Documents/interview/marta/martaflix/components/ui/fab/index.tsx": {"path":"/Users/prayogaantarasputra/Documents/interview/marta/martaflix/components/ui/fab/index.tsx","statementMap":{"0":{"start":{"line":14,"column":14},"end":{"line":14,"column":19}},"1":{"start":{"line":15,"column":13},"end":{"line":15,"column":47}},"2":{"start":{"line":16,"column":14},"end":{"line":20,"column":2}},"3":{"start":{"line":22,"column":0},"end":{"line":33,"column":3}},"4":{"start":{"line":35,"column":17},"end":{"line":52,"column":2}},"5":{"start":{"line":54,"column":22},"end":{"line":99,"column":2}},"6":{"start":{"line":101,"column":21},"end":{"line":113,"column":2}},"7":{"start":{"line":118,"column":12},"end":{"line":132,"column":1}},"8":{"start":{"line":123,"column":4},"end":{"line":130,"column":6}},"9":{"start":{"line":137,"column":17},"end":{"line":170,"column":2}},"10":{"start":{"line":152,"column":31},"end":{"line":152,"column":53}},"11":{"start":{"line":153,"column":2},"end":{"line":169,"column":4}},"12":{"start":{"line":178,"column":16},"end":{"line":218,"column":2}},"13":{"start":{"line":182,"column":31},"end":{"line":182,"column":53}},"14":{"start":{"line":184,"column":2},"end":{"line":204,"column":3}},"15":{"start":{"line":185,"column":4},"end":{"line":192,"column":6}},"16":{"start":{"line":193,"column":9},"end":{"line":204,"column":3}},"17":{"start":{"line":197,"column":4},"end":{"line":203,"column":6}},"18":{"start":{"line":205,"column":2},"end":{"line":217,"column":4}},"19":{"start":{"line":220,"column":0},"end":{"line":220,"column":24}},"20":{"start":{"line":221,"column":0},"end":{"line":221,"column":34}},"21":{"start":{"line":222,"column":0},"end":{"line":222,"column":32}}},"fnMap":{"0":{"name":"Fab","decl":{"start":{"line":119,"column":11},"end":{"line":119,"column":14}},"loc":{"start":{"line":122,"column":4},"end":{"line":131,"column":3}},"line":122},"1":{"name":"FabLabel","decl":{"start":{"line":140,"column":11},"end":{"line":140,"column":19}},"loc":{"start":{"line":151,"column":2},"end":{"line":170,"column":1}},"line":151},"2":{"name":"FabIcon","decl":{"start":{"line":181,"column":11},"end":{"line":181,"column":18}},"loc":{"start":{"line":181,"column":55},"end":{"line":218,"column":1}},"line":181}},"branchMap":{"0":{"loc":{"start":{"line":120,"column":6},"end":{"line":120,"column":17}},"type":"default-arg","locations":[{"start":{"line":120,"column":13},"end":{"line":120,"column":17}}],"line":120},"1":{"loc":{"start":{"line":120,"column":19},"end":{"line":120,"column":45}},"type":"default-arg","locations":[{"start":{"line":120,"column":31},"end":{"line":120,"column":45}}],"line":120},"2":{"loc":{"start":{"line":143,"column":4},"end":{"line":143,"column":23}},"type":"default-arg","locations":[{"start":{"line":143,"column":18},"end":{"line":143,"column":23}}],"line":143},"3":{"loc":{"start":{"line":144,"column":4},"end":{"line":144,"column":16}},"type":"default-arg","locations":[{"start":{"line":144,"column":11},"end":{"line":144,"column":16}}],"line":144},"4":{"loc":{"start":{"line":145,"column":4},"end":{"line":145,"column":21}},"type":"default-arg","locations":[{"start":{"line":145,"column":16},"end":{"line":145,"column":21}}],"line":145},"5":{"loc":{"start":{"line":146,"column":4},"end":{"line":146,"column":25}},"type":"default-arg","locations":[{"start":{"line":146,"column":20},"end":{"line":146,"column":25}}],"line":146},"6":{"loc":{"start":{"line":184,"column":2},"end":{"line":204,"column":3}},"type":"if","locations":[{"start":{"line":184,"column":2},"end":{"line":204,"column":3}},{"start":{"line":193,"column":9},"end":{"line":204,"column":3}}],"line":184},"7":{"loc":{"start":{"line":193,"column":9},"end":{"line":204,"column":3}},"type":"if","locations":[{"start":{"line":193,"column":9},"end":{"line":204,"column":3}},{"start":{},"end":{}}],"line":193},"8":{"loc":{"start":{"line":194,"column":4},"end":{"line":195,"column":22}},"type":"binary-expr","locations":[{"start":{"line":194,"column":5},"end":{"line":194,"column":31}},{"start":{"line":194,"column":35},"end":{"line":194,"column":60}},{"start":{"line":195,"column":4},"end":{"line":195,"column":22}}],"line":194}},"s":{"0":0,"1":0,"2":0,"3":0,"4":0,"5":0,"6":0,"7":0,"8":0,"9":0,"10":0,"11":0,"12":0,"13":0,"14":0,"15":0,"16":0,"17":0,"18":0,"19":0,"20":0,"21":0},"f":{"0":0,"1":0,"2":0},"b":{"0":[0],"1":[0],"2":[0],"3":[0],"4":[0],"5":[0],"6":[0,0],"7":[0,0],"8":[0,0,0]}}
[...]
,"/Users/prayogaantarasputra/Documents/interview/marta/martaflix/hooks/use-movie-details.ts": {"path":"/Users/prayogaantarasputra/Documents/interview/marta/martaflix/hooks/use-movie-details.ts","statementMap":{"0":{"start":{"line":5,"column":2},"end":{"line":9,"column":5}},"1":{"start":{"line":7,"column":19},"end":{"line":7,"column":45}},"2":{"start":{"line":13,"column":2},"end":{"line":17,"column":5}},"3":{"start":{"line":15,"column":19},"end":{"line":15,"column":45}}},"fnMap":{"0":{"name":"useMovieDetails","decl":{"start":{"line":4,"column":16},"end":{"line":4,"column":31}},"loc":{"start":{"line":4,"column":49},"end":{"line":10,"column":1}},"line":4},"1":{"name":"(anonymous_1)","decl":{"start":{"line":7,"column":13},"end":{"line":7,"column":14}},"loc":{"start":{"line":7,"column":19},"end":{"line":7,"column":45}},"line":7},"2":{"name":"useMovieCredits","decl":{"start":{"line":12,"column":16},"end":{"line":12,"column":31}},"loc":{"start":{"line":12,"column":49},"end":{"line":18,"column":1}},"line":12},"3":{"name":"(anonymous_3)","decl":{"start":{"line":15,"column":13},"end":{"line":15,"column":14}},"loc":{"start":{"line":15,"column":19},"end":{"line":15,"column":45}},"line":15}},"branchMap":{},"s":{"0":0,"1":0,"2":0,"3":0},"f":{"0":0,"1":0,"2":0,"3":0},"b":{}}
,"/Users/prayogaantarasputra/Documents/interview/marta/martaflix/hooks/use-movies.ts": {"path":"/Users/prayogaantarasputra/Documents/interview/marta/martaflix/hooks/use-movies.ts","statementMap":{"0":{"start":{"line":4,"column":32},"end":{"line":11,"column":1}},"1":{"start":{"line":5,"column":2},"end":{"line":10,"column":5}},"2":{"start":{"line":7,"column":19},"end":{"line":7,"column":43}},"3":{"start":{"line":13,"column":40},"end":{"line":27,"column":1}},"4":{"start":{"line":14,"column":2},"end":{"line":26,"column":5}},"5":{"start":{"line":16,"column":36},"end":{"line":16,"column":65}},"6":{"start":{"line":18,"column":6},"end":{"line":20,"column":7}},"7":{"start":{"line":19,"column":8},"end":{"line":19,"column":33}},"8":{"start":{"line":21,"column":6},"end":{"line":21,"column":23}},"9":{"start":{"line":30,"column":2},"end":{"line":35,"column":5}},"10":{"start":{"line":32,"column":19},"end":{"line":32,"column":44}},"11":{"start":{"line":39,"column":2},"end":{"line":51,"column":5}},"12":{"start":{"line":41,"column":36},"end":{"line":41,"column":66}},"13":{"start":{"line":43,"column":6},"end":{"line":45,"column":7}},"14":{"start":{"line":44,"column":8},"end":{"line":44,"column":33}},"15":{"start":{"line":46,"column":6},"end":{"line":46,"column":23}},"16":{"start":{"line":54,"column":31},"end":{"line":62,"column":1}},"17":{"start":{"line":55,"column":2},"end":{"line":61,"column":5}},"18":{"start":{"line":57,"column":19},"end":{"line":57,"column":38}}},"fnMap":{"0":{"name":"(anonymous_0)","decl":{"start":{"line":4,"column":32},"end":{"line":4,"column":33}},"loc":{"start":{"line":4,"column":54},"end":{"line":11,"column":1}},"line":4},"1":{"name":"(anonymous_1)","decl":{"start":{"line":7,"column":13},"end":{"line":7,"column":14}},"loc":{"start":{"line":7,"column":19},"end":{"line":7,"column":43}},"line":7},"2":{"name":"(anonymous_2)","decl":{"start":{"line":13,"column":40},"end":{"line":13,"column":41}},"loc":{"start":{"line":13,"column":46},"end":{"line":27,"column":1}},"line":13},"3":{"name":"(anonymous_3)","decl":{"start":{"line":16,"column":13},"end":{"line":16,"column":14}},"loc":{"start":{"line":16,"column":36},"end":{"line":16,"column":65}},"line":16},"4":{"name":"(anonymous_4)","decl":{"start":{"line":17,"column":22},"end":{"line":17,"column":23}},"loc":{"start":{"line":17,"column":46},"end":{"line":22,"column":5}},"line":17},"5":{"name":"useTrendingMovies","decl":{"start":{"line":29,"column":16},"end":{"line":29,"column":33}},"loc":{"start":{"line":29,"column":52},"end":{"line":36,"column":1}},"line":29},"6":{"name":"(anonymous_6)","decl":{"start":{"line":32,"column":13},"end":{"line":32,"column":14}},"loc":{"start":{"line":32,"column":19},"end":{"line":32,"column":44}},"line":32},"7":{"name":"useInfiniteTrendingMovies","decl":{"start":{"line":38,"column":16},"end":{"line":38,"column":41}},"loc":{"start":{"line":38,"column":44},"end":{"line":52,"column":1}},"line":38},"8":{"name":"(anonymous_8)","decl":{"start":{"line":41,"column":13},"end":{"line":41,"column":14}},"loc":{"start":{"line":41,"column":36},"end":{"line":41,"column":66}},"line":41},"9":{"name":"(anonymous_9)","decl":{"start":{"line":42,"column":22},"end":{"line":42,"column":23}},"loc":{"start":{"line":42,"column":36},"end":{"line":47,"column":5}},"line":42},"10":{"name":"(anonymous_10)","decl":{"start":{"line":54,"column":31},"end":{"line":54,"column":32}},"loc":{"start":{"line":54,"column":50},"end":{"line":62,"column":1}},"line":54},"11":{"name":"(anonymous_11)","decl":{"start":{"line":57,"column":13},"end":{"line":57,"column":14}},"loc":{"start":{"line":57,"column":19},"end":{"line":57,"column":38}},"line":57}},"branchMap":{"0":{"loc":{"start":{"line":4,"column":33},"end":{"line":4,"column":49}},"type":"default-arg","locations":[{"start":{"line":4,"column":48},"end":{"line":4,"column":49}}],"line":4},"1":{"loc":{"start":{"line":16,"column":16},"end":{"line":16,"column":29}},"type":"default-arg","locations":[{"start":{"line":16,"column":28},"end":{"line":16,"column":29}}],"line":16},"2":{"loc":{"start":{"line":18,"column":6},"end":{"line":20,"column":7}},"type":"if","locations":[{"start":{"line":18,"column":6},"end":{"line":20,"column":7}},{"start":{},"end":{}}],"line":18},"3":{"loc":{"start":{"line":29,"column":34},"end":{"line":29,"column":50}},"type":"default-arg","locations":[{"start":{"line":29,"column":49},"end":{"line":29,"column":50}}],"line":29},"4":{"loc":{"start":{"line":41,"column":16},"end":{"line":41,"column":29}},"type":"default-arg","locations":[{"start":{"line":41,"column":28},"end":{"line":41,"column":29}}],"line":41},"5":{"loc":{"start":{"line":43,"column":6},"end":{"line":45,"column":7}},"type":"if","locations":[{"start":{"line":43,"column":6},"end":{"line":45,"column":7}},{"start":{},"end":{}}],"line":43},"6":{"loc":{"start":{"line":58,"column":13},"end":{"line":58,"column":41}},"type":"binary-expr","locations":[{"start":{"line":58,"column":13},"end":{"line":58,"column":20}},{"start":{"line":58,"column":24},"end":{"line":58,"column":41}}],"line":58}},"s":{"0":0,"1":0,"2":0,"3":0,"4":0,"5":0,"6":0,"7":0,"8":0,"9":0,"10":0,"11":0,"12":0,"13":0,"14":0,"15":0,"16":0,"17":0,"18":0},"f":{"0":0,"1":0,"2":0,"3":0,"4":0,"5":0,"6":0,"7":0,"8":0,"9":0,"10":0,"11":0},"b":{"0":[0],"1":[0],"2":[0,0],"3":[0],"4":[0],"5":[0,0],"6":[0,0]}}
,"/Users/prayogaantarasputra/Documents/interview/marta/martaflix/hooks/use-theme.ts": {"path":"/Users/prayogaantarasputra/Documents/interview/marta/martaflix/hooks/use-theme.ts","statementMap":{"0":{"start":{"line":11,"column":54},"end":{"line":11,"column":69}},"1":{"start":{"line":13,"column":2},"end":{"line":19,"column":4}}},"fnMap":{"0":{"name":"useTheme","decl":{"start":{"line":4,"column":16},"end":{"line":4,"column":24}},"loc":{"start":{"line":10,"column":2},"end":{"line":20,"column":1}},"line":10}},"branchMap":{},"s":{"0":0,"1":0},"f":{"0":0},"b":{},"_coverageSchema":"1a1c01bbd47fc00a2c39e90264f33305004495a9","hash":"3e2e9de8ada8f253e46ebd6ac4d86de55fae3926"}
,"/Users/prayogaantarasputra/Documents/interview/marta/martaflix/lib/api-config.ts": {"path":"/Users/prayogaantarasputra/Documents/interview/marta/martaflix/lib/api-config.ts","statementMap":{"0":{"start":{"line":4,"column":29},"end":{"line":4,"column":59}},"1":{"start":{"line":5,"column":35},"end":{"line":5,"column":63}},"2":{"start":{"line":9,"column":28},"end":{"line":9,"column":92}},"3":{"start":{"line":12,"column":25},"end":{"line":18,"column":2}},"4":{"start":{"line":22,"column":2},"end":{"line":22,"column":23}},"5":{"start":{"line":22,"column":13},"end":{"line":22,"column":23}},"6":{"start":{"line":23,"column":2},"end":{"line":23,"column":49}},"7":{"start":{"line":27,"column":27},"end":{"line":40,"column":10}}},"fnMap":{"0":{"name":"getImageUrl","decl":{"start":{"line":21,"column":16},"end":{"line":21,"column":27}},"loc":{"start":{"line":21,"column":80},"end":{"line":24,"column":1}},"line":21}},"branchMap":{"0":{"loc":{"start":{"line":9,"column":28},"end":{"line":9,"column":92}},"type":"binary-expr","locations":[{"start":{"line":9,"column":28},"end":{"line":9,"column":64}},{"start":{"line":9,"column":68},"end":{"line":9,"column":92}}],"line":9},"1":{"loc":{"start":{"line":21,"column":49},"end":{"line":21,"column":70}},"type":"default-arg","locations":[{"start":{"line":21,"column":64},"end":{"line":21,"column":70}}],"line":21},"2":{"loc":{"start":{"line":22,"column":2},"end":{"line":22,"column":23}},"type":"if","locations":[{"start":{"line":22,"column":2},"end":{"line":22,"column":23}},{"start":{},"end":{}}],"line":22}},"s":{"0":0,"1":0,"2":0,"3":0,"4":0,"5":0,"6":0,"7":0},"f":{"0":0},"b":{"0":[0,0],"1":[0],"2":[0,0]}}
,"/Users/prayogaantarasputra/Documents/interview/marta/martaflix/lib/favorites-store.ts": {"path":"/Users/prayogaantarasputra/Documents/interview/marta/martaflix/lib/favorites-store.ts","statementMap":{"0":{"start":{"line":20,"column":33},"end":{"line":79,"column":1}},"1":{"start":{"line":22,"column":19},"end":{"line":74,"column":5}},"2":{"start":{"line":29,"column":8},"end":{"line":29,"column":33}},"3":{"start":{"line":30,"column":31},"end":{"line":30,"column":86}},"4":{"start":{"line":31,"column":8},"end":{"line":31,"column":61}},"5":{"start":{"line":35,"column":30},"end":{"line":35,"column":35}},"6":{"start":{"line":38,"column":8},"end":{"line":40,"column":9}},"7":{"start":{"line":38,"column":34},"end":{"line":38,"column":53}},"8":{"start":{"line":39,"column":10},"end":{"line":39,"column":17}},"9":{"start":{"line":42,"column":33},"end":{"line":42,"column":54}},"10":{"start":{"line":43,"column":8},"end":{"line":43,"column":45}},"11":{"start":{"line":44,"column":8},"end":{"line":44,"column":67}},"12":{"start":{"line":48,"column":30},"end":{"line":48,"column":35}},"13":{"start":{"line":49,"column":33},"end":{"line":49,"column":80}},"14":{"start":{"line":49,"column":59},"end":{"line":49,"column":79}},"15":{"start":{"line":50,"column":8},"end":{"line":50,"column":45}},"16":{"start":{"line":51,"column":8},"end":{"line":51,"column":67}},"17":{"start":{"line":55,"column":67},"end":{"line":55,"column":72}},"18":{"start":{"line":56,"column":27},"end":{"line":56,"column":69}},"19":{"start":{"line":56,"column":49},"end":{"line":56,"column":68}},"20":{"start":{"line":58,"column":8},"end":{"line":62,"column":9}},"21":{"start":{"line":59,"column":10},"end":{"line":59,"column":40}},"22":{"start":{"line":61,"column":10},"end":{"line":61,"column":32}},"23":{"start":{"line":66,"column":30},"end":{"line":66,"column":35}},"24":{"start":{"line":67,"column":8},"end":{"line":67,"column":61}},"25":{"start":{"line":67,"column":39},"end":{"line":67,"column":59}},"26":{"start":{"line":71,"column":8},"end":{"line":71,"column":31}},"27":{"start":{"line":72,"column":8},"end":{"line":72,"column":52}}},"fnMap":{"0":{"name":"(anonymous_0)","decl":{"start":{"line":22,"column":4},"end":{"line":22,"column":5}},"loc":{"start":{"line":22,"column":19},"end":{"line":74,"column":5}},"line":22},"1":{"name":"(anonymous_1)","decl":{"start":{"line":28,"column":27},"end":{"line":28,"column":28}},"loc":{"start":{"line":28,"column":33},"end":{"line":32,"column":7}},"line":28},"2":{"name":"(anonymous_2)","decl":{"start":{"line":34,"column":22},"end":{"line":34,"column":23}},"loc":{"start":{"line":34,"column":40},"end":{"line":45,"column":7}},"line":34},"3":{"name":"(anonymous_3)","decl":{"start":{"line":38,"column":27},"end":{"line":38,"column":28}},"loc":{"start":{"line":38,"column":34},"end":{"line":38,"column":53}},"line":38},"4":{"name":"(anonymous_4)","decl":{"start":{"line":47,"column":27},"end":{"line":47,"column":28}},"loc":{"start":{"line":47,"column":48},"end":{"line":52,"column":7}},"line":47},"5":{"name":"(anonymous_5)","decl":{"start":{"line":49,"column":50},"end":{"line":49,"column":51}},"loc":{"start":{"line":49,"column":59},"end":{"line":49,"column":79}},"line":49},"6":{"name":"(anonymous_6)","decl":{"start":{"line":54,"column":22},"end":{"line":54,"column":23}},"loc":{"start":{"line":54,"column":40},"end":{"line":63,"column":7}},"line":54},"7":{"name":"(anonymous_7)","decl":{"start":{"line":56,"column":42},"end":{"line":56,"column":43}},"loc":{"start":{"line":56,"column":49},"end":{"line":56,"column":68}},"line":56},"8":{"name":"(anonymous_8)","decl":{"start":{"line":65,"column":18},"end":{"line":65,"column":19}},"loc":{"start":{"line":65,"column":39},"end":{"line":68,"column":7}},"line":65},"9":{"name":"(anonymous_9)","decl":{"start":{"line":67,"column":30},"end":{"line":67,"column":31}},"loc":{"start":{"line":67,"column":39},"end":{"line":67,"column":59}},"line":67},"10":{"name":"(anonymous_10)","decl":{"start":{"line":70,"column":22},"end":{"line":70,"column":23}},"loc":{"start":{"line":70,"column":28},"end":{"line":73,"column":7}},"line":70}},"branchMap":{"0":{"loc":{"start":{"line":30,"column":31},"end":{"line":30,"column":86}},"type":"binary-expr","locations":[{"start":{"line":30,"column":31},"end":{"line":30,"column":80}},{"start":{"line":30,"column":84},"end":{"line":30,"column":86}}],"line":30},"1":{"loc":{"start":{"line":38,"column":8},"end":{"line":40,"column":9}},"type":"if","locations":[{"start":{"line":38,"column":8},"end":{"line":40,"column":9}},{"start":{},"end":{}}],"line":38},"2":{"loc":{"start":{"line":58,"column":8},"end":{"line":62,"column":9}},"type":"if","locations":[{"start":{"line":58,"column":8},"end":{"line":62,"column":9}},{"start":{"line":60,"column":15},"end":{"line":62,"column":9}}],"line":58}},"s":{"0":2,"1":2,"2":3,"3":3,"4":3,"5":16,"6":16,"7":5,"8":1,"9":15,"10":15,"11":15,"12":4,"13":4,"14":6,"15":4,"16":4,"17":2,"18":2,"19":1,"20":2,"21":1,"22":1,"23":2,"24":2,"25":1,"26":1,"27":1},"f":{"0":2,"1":3,"2":16,"3":5,"4":4,"5":6,"6":2,"7":1,"8":2,"9":1,"10":1},"b":{"0":[3,2],"1":[1,15],"2":[1,1]},"_coverageSchema":"1a1c01bbd47fc00a2c39e90264f33305004495a9","hash":"54332ff00025ff4c861cf6cb641fb62cb004f001"}
,"/Users/prayogaantarasputra/Documents/interview/marta/martaflix/lib/storage.ts": {"path":"/Users/prayogaantarasputra/Documents/interview/marta/martaflix/lib/storage.ts","statementMap":{"0":{"start":{"line":4,"column":23},"end":{"line":4,"column":33}},"1":{"start":{"line":7,"column":28},"end":{"line":9,"column":10}},"2":{"start":{"line":12,"column":28},"end":{"line":41,"column":1}},"3":{"start":{"line":15,"column":4},"end":{"line":20,"column":5}},"4":{"start":{"line":16,"column":20},"end":{"line":16,"column":42}},"5":{"start":{"line":17,"column":6},"end":{"line":17,"column":46}},"6":{"start":{"line":19,"column":6},"end":{"line":19,"column":18}},"7":{"start":{"line":25,"column":4},"end":{"line":29,"column":5}},"8":{"start":{"line":26,"column":6},"end":{"line":26,"column":46}},"9":{"start":{"line":28,"column":6},"end":{"line":28,"column":57}},"10":{"start":{"line":34,"column":4},"end":{"line":34,"column":24}},"11":{"start":{"line":39,"column":4},"end":{"line":39,"column":33}}},"fnMap":{"0":{"name":"(anonymous_0)","decl":{"start":{"line":14,"column":7},"end":{"line":14,"column":8}},"loc":{"start":{"line":14,"column":37},"end":{"line":21,"column":3}},"line":14},"1":{"name":"(anonymous_1)","decl":{"start":{"line":24,"column":7},"end":{"line":24,"column":8}},"loc":{"start":{"line":24,"column":43},"end":{"line":30,"column":3}},"line":24},"2":{"name":"(anonymous_2)","decl":{"start":{"line":33,"column":10},"end":{"line":33,"column":11}},"loc":{"start":{"line":33,"column":33},"end":{"line":35,"column":3}},"line":33},"3":{"name":"(anonymous_3)","decl":{"start":{"line":38,"column":7},"end":{"line":38,"column":8}},"loc":{"start":{"line":38,"column":33},"end":{"line":40,"column":3}},"line":38}},"branchMap":{"0":{"loc":{"start":{"line":17,"column":13},"end":{"line":17,"column":45}},"type":"cond-expr","locations":[{"start":{"line":17,"column":21},"end":{"line":17,"column":38}},{"start":{"line":17,"column":41},"end":{"line":17,"column":45}}],"line":17}},"s":{"0":1,"1":1,"2":1,"3":0,"4":0,"5":0,"6":0,"7":0,"8":0,"9":0,"10":0,"11":0},"f":{"0":0,"1":0,"2":0,"3":0},"b":{"0":[0,0]},"_coverageSchema":"1a1c01bbd47fc00a2c39e90264f33305004495a9","hash":"8467bfe6bd3dd6d2fca64d9d367cd3e9341a00ed"}
,"/Users/prayogaantarasputra/Documents/interview/marta/martaflix/lib/theme-store.ts": {"path":"/Users/prayogaantarasputra/Documents/interview/marta/martaflix/lib/theme-store.ts","statementMap":{"0":{"start":{"line":14,"column":29},"end":{"line":44,"column":1}},"1":{"start":{"line":16,"column":19},"end":{"line":38,"column":5}},"2":{"start":{"line":21,"column":28},"end":{"line":21,"column":43}},"3":{"start":{"line":22,"column":24},"end":{"line":22,"column":66}},"4":{"start":{"line":23,"column":25},"end":{"line":23,"column":69}},"5":{"start":{"line":25,"column":8},"end":{"line":28,"column":11}},"6":{"start":{"line":32,"column":25},"end":{"line":32,"column":66}},"7":{"start":{"line":33,"column":8},"end":{"line":36,"column":11}},"8":{"start":{"line":41,"column":39},"end":{"line":41,"column":51}}},"fnMap":{"0":{"name":"(anonymous_0)","decl":{"start":{"line":16,"column":4},"end":{"line":16,"column":5}},"loc":{"start":{"line":16,"column":19},"end":{"line":38,"column":5}},"line":16},"1":{"name":"(anonymous_1)","decl":{"start":{"line":20,"column":19},"end":{"line":20,"column":20}},"loc":{"start":{"line":20,"column":25},"end":{"line":29,"column":7}},"line":20},"2":{"name":"(anonymous_2)","decl":{"start":{"line":31,"column":16},"end":{"line":31,"column":17}},"loc":{"start":{"line":31,"column":37},"end":{"line":37,"column":7}},"line":31},"3":{"name":"(anonymous_3)","decl":{"start":{"line":41,"column":33},"end":{"line":41,"column":34}},"loc":{"start":{"line":41,"column":39},"end":{"line":41,"column":51}},"line":41}},"branchMap":{"0":{"loc":{"start":{"line":22,"column":24},"end":{"line":22,"column":66}},"type":"cond-expr","locations":[{"start":{"line":22,"column":50},"end":{"line":22,"column":56}},{"start":{"line":22,"column":59},"end":{"line":22,"column":66}}],"line":22},"1":{"loc":{"start":{"line":23,"column":25},"end":{"line":23,"column":69}},"type":"cond-expr","locations":[{"start":{"line":23,"column":47},"end":{"line":23,"column":57}},{"start":{"line":23,"column":60},"end":{"line":23,"column":69}}],"line":23},"2":{"loc":{"start":{"line":32,"column":25},"end":{"line":32,"column":66}},"type":"cond-expr","locations":[{"start":{"line":32,"column":44},"end":{"line":32,"column":54}},{"start":{"line":32,"column":57},"end":{"line":32,"column":66}}],"line":32}},"s":{"0":1,"1":1,"2":0,"3":0,"4":0,"5":0,"6":0,"7":0,"8":1},"f":{"0":1,"1":0,"2":0,"3":1},"b":{"0":[0,0],"1":[0,0],"2":[0,0]},"_coverageSchema":"1a1c01bbd47fc00a2c39e90264f33305004495a9","hash":"6dd28457f80b854e18f1145a8213f55b1658af36"}
}
