TN:
SF:api/movies.ts
FN:4,fetchPopularMovies
FN:11,fetchTrendingMovies
FN:18,fetchMovieDetails
FN:23,fetchMovieCredits
FN:28,searchMovies
FNF:5
FNH:4
FNDA:5,fetchPopularMovies
FNDA:0,fetchTrendingMovies
FNDA:3,fetchMovieDetails
FNDA:3,fetchMovieCredits
FNDA:5,searchMovies
DA:5,5
DA:8,2
DA:12,0
DA:15,0
DA:19,3
DA:20,1
DA:24,3
DA:25,1
DA:29,5
DA:35,3
LF:10
LH:8
BRDA:4,0,0,4
BRDA:11,1,0,0
BRDA:28,2,0,4
BRF:3
BRH:2
end_of_record
TN:
SF:components/cast-card.tsx
FN:14,CastCard
FN:17,(anonymous_1)
FNF:2
FNH:0
FNDA:0,CastCard
FNDA:0,(anonymous_1)
DA:15,0
DA:17,0
DA:18,0
DA:21,0
DA:25,0
LF:5
LH:0
BRDA:21,0,0,0
BRDA:21,0,1,0
BRDA:36,1,0,0
BRDA:36,1,1,0
BRF:4
BRH:0
end_of_record
TN:
SF:components/empty-state.tsx
FN:12,EmptyState
FNF:1
FNH:0
FNDA:0,EmptyState
DA:16,0
DA:18,0
LF:2
LH:0
BRDA:13,0,0,0
BRDA:14,1,0,0
BRF:2
BRH:0
end_of_record
TN:
SF:components/error-state.tsx
FN:16,ErrorState
FNF:1
FNH:0
FNDA:0,ErrorState
DA:22,0
DA:23,0
DA:25,0
LF:3
LH:0
BRDA:19,0,0,0
BRDA:23,1,0,0
BRDA:23,1,1,0
BRDA:23,1,2,0
BRDA:50,2,0,0
BRDA:50,2,1,0
BRF:6
BRH:0
end_of_record
TN:
SF:components/movie-card.tsx
FN:20,MovieCard
FN:25,(anonymous_1)
FN:29,(anonymous_2)
FN:34,(anonymous_3)
FNF:4
FNH:3
FNDA:20,MovieCard
FNDA:1,(anonymous_1)
FNDA:0,(anonymous_2)
FNDA:20,(anonymous_3)
DA:11,1
DA:12,1
DA:13,1
DA:21,20
DA:22,20
DA:23,20
DA:25,20
DA:26,1
DA:29,20
DA:30,0
DA:31,0
DA:34,20
DA:35,20
DA:38,20
DA:42,20
LF:15
LH:13
BRDA:38,0,0,19
BRDA:38,0,1,1
BRDA:58,1,0,1
BRDA:58,1,1,19
BRDA:69,2,0,19
BRDA:69,2,1,1
BRDA:109,3,0,1
BRDA:109,3,1,19
BRDA:127,4,0,1
BRDA:127,4,1,19
BRDA:128,5,0,1
BRDA:128,5,1,19
BRDA:186,6,0,19
BRDA:186,6,1,1
BRF:14
BRH:14
end_of_record
TN:
SF:components/movie-detail-skeleton.tsx
FN:8,MovieDetailSkeleton
FN:11,(anonymous_1)
FN:56,(anonymous_2)
FNF:3
FNH:0
FNDA:0,MovieDetailSkeleton
FNDA:0,(anonymous_1)
FNDA:0,(anonymous_2)
DA:6,0
DA:9,0
DA:11,0
DA:12,0
DA:23,0
DA:57,0
LF:6
LH:0
BRF:0
BRH:0
end_of_record
TN:
SF:components/movie-skeleton.tsx
FN:11,MovieSkeleton
FN:59,MovieSkeletonList
FN:69,(anonymous_2)
FNF:3
FNH:0
FNDA:0,MovieSkeleton
FNDA:0,MovieSkeletonList
FNDA:0,(anonymous_2)
DA:7,0
DA:8,0
DA:9,0
DA:12,0
DA:14,0
DA:60,0
DA:70,0
LF:7
LH:0
BRDA:29,0,0,0
BRDA:29,0,1,0
BRDA:59,1,0,0
BRF:3
BRH:0
end_of_record
TN:
SF:components/theme-toggle.tsx
FN:6,ThemeToggle
FNF:1
FNH:0
FNDA:0,ThemeToggle
DA:7,0
DA:9,0
LF:2
LH:0
BRDA:39,0,0,0
BRDA:39,0,1,0
BRF:2
BRH:0
end_of_record
TN:
SF:components/ui/IconSymbol.ios.tsx
FN:4,IconSymbol
FNF:1
FNH:0
FNDA:0,IconSymbol
DA:17,0
LF:1
LH:0
BRDA:6,0,0,0
BRDA:9,1,0,0
BRF:2
BRH:0
end_of_record
TN:
SF:components/ui/IconSymbol.tsx
FN:28,IconSymbol
FNF:1
FNH:0
FNDA:0,IconSymbol
DA:16,0
DA:40,0
LF:2
LH:0
BRDA:30,0,0,0
BRF:1
BRH:0
end_of_record
TN:
SF:components/ui/TabBarBackground.ios.tsx
FN:5,BlurTabBarBackground
FN:17,useBottomTabOverflow
FNF:2
FNH:0
FNDA:0,BlurTabBarBackground
FNDA:0,useBottomTabOverflow
DA:6,0
DA:18,0
LF:2
LH:0
BRF:0
BRH:0
end_of_record
TN:
SF:components/ui/TabBarBackground.tsx
FN:4,useBottomTabOverflow
FNF:1
FNH:0
FNDA:0,useBottomTabOverflow
DA:5,0
LF:1
LH:0
BRF:0
BRH:0
end_of_record
TN:
SF:components/ui/accordion/index.tsx
FN:167,(anonymous_0)
FN:181,(anonymous_1)
FN:198,AccordionContent
FN:213,AccordionContentText
FN:230,AccordionIcon
FN:270,AccordionHeader
FN:285,AccordionTrigger
FN:299,AccordionTitleText
FNF:8
FNH:0
FNDA:0,(anonymous_0)
FNDA:0,(anonymous_1)
FNDA:0,AccordionContent
FNDA:0,AccordionContentText
FNDA:0,AccordionIcon
FNDA:0,AccordionHeader
FNDA:0,AccordionTrigger
FNDA:0,AccordionTitleText
DA:15,0
DA:18,0
DA:33,0
DA:42,0
DA:52,0
DA:65,0
DA:75,0
DA:78,0
DA:81,0
DA:85,0
DA:87,0
DA:92,0
DA:103,0
DA:116,0
DA:164,0
DA:168,0
DA:178,0
DA:182,0
DA:183,0
DA:195,0
DA:199,0
DA:210,0
DA:214,0
DA:215,0
DA:227,0
DA:231,0
DA:233,0
DA:234,0
DA:242,0
DA:246,0
DA:254,0
DA:267,0
DA:271,0
DA:282,0
DA:286,0
DA:296,0
DA:300,0
DA:301,0
DA:313,0
DA:314,0
DA:315,0
DA:316,0
DA:317,0
DA:318,0
DA:319,0
DA:320,0
LF:46
LH:0
BRDA:88,0,0,0
BRDA:88,0,1,0
BRDA:167,1,0,0
BRDA:167,2,0,0
BRDA:233,3,0,0
BRDA:233,3,1,0
BRDA:242,4,0,0
BRDA:242,4,1,0
BRDA:243,5,0,0
BRDA:243,5,1,0
BRDA:243,5,2,0
BRF:11
BRH:0
end_of_record
TN:
SF:components/ui/actionsheet/index.tsx
FN:30,ItemWrapper
FN:294,Actionsheet
FN:309,ActionsheetContent
FN:324,ActionsheetItem
FN:339,ActionsheetItemText
FN:370,ActionsheetDragIndicator
FN:385,ActionsheetDragIndicatorWrapper
FN:400,ActionsheetBackdrop
FN:424,ActionsheetScrollView
FN:439,ActionsheetVirtualizedList
FN:454,ActionsheetFlatList
FN:469,ActionsheetSectionList
FN:484,ActionsheetSectionHeaderText
FN:521,ActionsheetIcon
FNF:14
FNH:0
FNDA:0,ItemWrapper
FNDA:0,Actionsheet
FNDA:0,ActionsheetContent
FNDA:0,ActionsheetItem
FNDA:0,ActionsheetItemText
FNDA:0,ActionsheetDragIndicator
FNDA:0,ActionsheetDragIndicatorWrapper
FNDA:0,ActionsheetBackdrop
FNDA:0,ActionsheetScrollView
FNDA:0,ActionsheetVirtualizedList
FNDA:0,ActionsheetFlatList
FNDA:0,ActionsheetSectionList
FNDA:0,ActionsheetSectionHeaderText
FNDA:0,ActionsheetIcon
DA:27,0
DA:31,0
DA:37,0
DA:42,0
DA:46,0
DA:63,0
DA:64,0
DA:65,0
DA:66,0
DA:67,0
DA:68,0
DA:69,0
DA:70,0
DA:75,0
DA:82,0
DA:90,0
DA:91,0
DA:93,0
DA:106,0
DA:108,0
DA:112,0
DA:116,0
DA:147,0
DA:151,0
DA:155,0
DA:159,0
DA:163,0
DA:167,0
DA:171,0
DA:175,0
DA:217,0
DA:291,0
DA:295,0
DA:306,0
DA:310,0
DA:321,0
DA:325,0
DA:336,0
DA:351,0
DA:367,0
DA:371,0
DA:382,0
DA:386,0
DA:397,0
DA:401,0
DA:421,0
DA:425,0
DA:436,0
DA:440,0
DA:451,0
DA:455,0
DA:466,0
DA:470,0
DA:481,0
DA:499,0
DA:518,0
DA:522,0
DA:523,0
DA:531,0
DA:535,0
DA:543,0
LF:61
LH:0
BRDA:345,0,0,0
BRDA:521,1,0,0
BRDA:522,2,0,0
BRDA:522,2,1,0
BRDA:531,3,0,0
BRDA:531,3,1,0
BRDA:532,4,0,0
BRDA:532,4,1,0
BRDA:532,4,2,0
BRF:9
BRH:0
end_of_record
TN:
SF:components/ui/alert/index.tsx
FN:134,Alert
FN:155,AlertText
FN:202,AlertIcon
FNF:3
FNH:0
FNDA:0,Alert
FNDA:0,AlertText
FNDA:0,AlertIcon
DA:14,0
DA:16,0
DA:35,0
DA:85,0
DA:108,0
DA:114,0
DA:133,0
DA:138,0
DA:152,0
DA:170,0
DA:171,0
DA:199,0
DA:203,0
DA:205,0
DA:206,0
DA:214,0
DA:218,0
DA:226,0
DA:241,0
DA:242,0
DA:243,0
LF:21
LH:0
BRDA:135,0,0,0
BRDA:135,1,0,0
BRDA:162,2,0,0
BRDA:202,3,0,0
BRDA:205,4,0,0
BRDA:205,4,1,0
BRDA:214,5,0,0
BRDA:214,5,1,0
BRDA:215,6,0,0
BRDA:215,6,1,0
BRDA:215,6,2,0
BRF:11
BRH:0
end_of_record
TN:
SF:components/ui/alert-dialog/index.tsx
FN:132,AlertDialog
FN:147,AlertDialogContent
FN:190,AlertDialogCloseButton
FN:205,AlertDialogHeader
FN:220,AlertDialogFooter
FN:235,AlertDialogBody
FN:250,AlertDialogBackdrop
FNF:7
FNH:0
FNDA:0,AlertDialog
FNDA:0,AlertDialogContent
FNDA:0,AlertDialogCloseButton
FNDA:0,AlertDialogHeader
FNDA:0,AlertDialogFooter
FNDA:0,AlertDialogBody
FNDA:0,AlertDialogBackdrop
DA:20,0
DA:22,0
DA:27,0
DA:32,0
DA:36,0
DA:47,0
DA:48,0
DA:50,0
DA:63,0
DA:76,0
DA:80,0
DA:84,0
DA:88,0
DA:90,0
DA:129,0
DA:133,0
DA:144,0
DA:148,0
DA:150,0
DA:187,0
DA:191,0
DA:202,0
DA:206,0
DA:217,0
DA:221,0
DA:232,0
DA:236,0
DA:247,0
DA:251,0
DA:280,0
DA:281,0
DA:282,0
DA:283,0
DA:284,0
DA:285,0
DA:286,0
LF:36
LH:0
BRDA:132,0,0,0
BRF:1
BRH:0
end_of_record
TN:
SF:components/ui/avatar/index.tsx
FN:83,Avatar
FN:100,AvatarBadge
FN:125,AvatarFallbackText
FN:149,AvatarImage
FN:173,AvatarGroup
FNF:5
FNH:0
FNDA:0,Avatar
FNDA:0,AvatarBadge
FNDA:0,AvatarFallbackText
FNDA:0,AvatarImage
FNDA:0,AvatarGroup
DA:12,0
DA:15,0
DA:23,0
DA:37,0
DA:52,0
DA:56,0
DA:70,0
DA:80,0
DA:84,0
DA:97,0
DA:101,0
DA:103,0
DA:122,0
DA:126,0
DA:128,0
DA:146,0
DA:150,0
DA:170,0
DA:174,0
LF:19
LH:0
BRDA:83,0,0,0
BRDA:159,1,0,0
BRDA:159,1,1,0
BRF:3
BRH:0
end_of_record
TN:
SF:components/ui/badge/index.tsx
FN:115,Badge
FN:144,BadgeText
FN:170,BadgeIcon
FNF:3
FNH:0
FNDA:0,Badge
FNDA:0,BadgeText
FNDA:0,BadgeIcon
DA:14,0
DA:16,0
DA:38,0
DA:80,0
DA:98,0
DA:100,0
DA:123,0
DA:141,0
DA:145,0
DA:146,0
DA:167,0
DA:171,0
DA:173,0
DA:174,0
DA:182,0
DA:186,0
DA:194,0
DA:210,0
DA:211,0
DA:212,0
LF:20
LH:0
BRDA:117,0,0,0
BRDA:118,1,0,0
BRDA:119,2,0,0
BRDA:173,3,0,0
BRDA:173,3,1,0
BRDA:182,4,0,0
BRDA:182,4,1,0
BRDA:183,5,0,0
BRDA:183,5,1,0
BRDA:183,5,2,0
BRF:10
BRH:0
end_of_record
TN:
SF:components/ui/box/index.tsx
FN:11,Box
FNF:1
FNH:0
FNDA:0,Box
DA:10,0
DA:12,0
DA:18,0
LF:3
LH:0
BRF:0
BRH:0
end_of_record
TN:
SF:components/ui/box/index.web.tsx
FN:9,Box
FNF:1
FNH:0
FNDA:0,Box
DA:9,0
DA:13,0
DA:18,0
LF:3
LH:0
BRF:0
BRH:0
end_of_record
TN:
SF:components/ui/box/styles.tsx
FNF:0
FNH:0
DA:4,0
DA:8,0
LF:2
LH:0
BRDA:4,0,0,0
BRDA:4,0,1,0
BRF:2
BRH:0
end_of_record
TN:
SF:components/ui/button/index.tsx
FN:290,Button
FN:310,ButtonText
FN:349,ButtonIcon
FN:400,ButtonGroup
FNF:4
FNH:0
FNDA:0,Button
FNDA:0,ButtonText
FNDA:0,ButtonIcon
FNDA:0,ButtonGroup
DA:14,0
DA:16,0
DA:18,0
DA:26,0
DA:39,0
DA:121,0
DA:200,0
DA:256,0
DA:287,0
DA:294,0
DA:307,0
DA:315,0
DA:317,0
DA:336,0
DA:346,0
DA:354,0
DA:356,0
DA:357,0
DA:365,0
DA:369,0
DA:377,0
DA:397,0
DA:410,0
DA:424,0
DA:425,0
DA:426,0
DA:427,0
DA:428,0
LF:28
LH:0
BRDA:291,0,0,0
BRDA:291,1,0,0
BRDA:291,2,0,0
BRDA:356,3,0,0
BRDA:356,3,1,0
BRDA:365,4,0,0
BRDA:365,4,1,0
BRDA:366,5,0,0
BRDA:366,5,1,0
BRDA:366,5,2,0
BRDA:403,6,0,0
BRDA:404,7,0,0
BRDA:405,8,0,0
BRF:13
BRH:0
end_of_record
TN:
SF:components/ui/card/index.tsx
FN:10,Card
FNF:1
FNH:0
FNDA:0,Card
DA:9,0
DA:14,0
DA:24,0
LF:3
LH:0
BRDA:11,0,0,0
BRDA:11,1,0,0
BRF:2
BRH:0
end_of_record
TN:
SF:components/ui/card/index.web.tsx
FN:8,Card
FNF:1
FNH:0
FNDA:0,Card
DA:8,0
DA:12,0
DA:21,0
LF:3
LH:0
BRDA:9,0,0,0
BRDA:9,1,0,0
BRF:2
BRH:0
end_of_record
TN:
SF:components/ui/card/styles.tsx
FNF:0
FNH:0
DA:3,0
DA:5,0
LF:2
LH:0
BRDA:3,0,0,0
BRDA:3,0,1,0
BRF:2
BRH:0
end_of_record
TN:
SF:components/ui/center/index.tsx
FN:9,Center
FNF:1
FNH:0
FNDA:0,Center
DA:8,0
DA:10,0
DA:20,0
LF:3
LH:0
BRF:0
BRH:0
end_of_record
TN:
SF:components/ui/center/index.web.tsx
FN:9,Center
FNF:1
FNH:0
FNDA:0,Center
DA:9,0
DA:13,0
DA:18,0
LF:3
LH:0
BRF:0
BRH:0
end_of_record
TN:
SF:components/ui/center/styles.tsx
FNF:0
FNH:0
DA:4,0
DA:6,0
LF:2
LH:0
BRDA:4,0,0,0
BRDA:4,0,1,0
BRF:2
BRH:0
end_of_record
TN:
SF:components/ui/checkbox/index.tsx
FN:18,IndicatorWrapper
FN:25,LabelWrapper
FN:32,IconWrapper
FN:115,Checkbox
FN:139,CheckboxIndicator
FN:163,CheckboxLabel
FN:187,CheckboxIcon
FNF:7
FNH:0
FNDA:0,IndicatorWrapper
FNDA:0,LabelWrapper
FNDA:0,IconWrapper
FNDA:0,Checkbox
FNDA:0,CheckboxIndicator
FNDA:0,CheckboxLabel
FNDA:0,CheckboxIcon
DA:15,0
DA:19,0
DA:22,0
DA:26,0
DA:29,0
DA:33,0
DA:36,0
DA:37,0
DA:49,0
DA:62,0
DA:73,0
DA:84,0
DA:95,0
DA:107,0
DA:112,0
DA:116,0
DA:136,0
DA:140,0
DA:142,0
DA:160,0
DA:164,0
DA:165,0
DA:184,0
DA:188,0
DA:190,0
DA:191,0
DA:199,0
DA:203,0
DA:212,0
DA:227,0
DA:228,0
DA:229,0
DA:230,0
LF:33
LH:0
BRDA:40,0,0,0
BRDA:40,0,1,0
BRDA:115,1,0,0
BRDA:190,2,0,0
BRDA:190,2,1,0
BRDA:199,3,0,0
BRDA:199,3,1,0
BRDA:200,4,0,0
BRDA:200,4,1,0
BRDA:200,4,2,0
BRF:10
BRH:0
end_of_record
TN:
SF:components/ui/divider/index.tsx
FN:23,Divider
FNF:1
FNH:0
FNDA:0,Divider
DA:7,0
DA:20,0
DA:24,0
DA:38,0
LF:4
LH:0
BRDA:23,0,0,0
BRDA:29,1,0,0
BRDA:29,1,1,0
BRF:3
BRH:0
end_of_record
TN:
SF:components/ui/drawer/index.tsx
FN:185,Drawer
FN:200,DrawerBackdrop
FN:233,DrawerContent
FN:281,DrawerHeader
FN:296,DrawerBody
FN:311,DrawerFooter
FN:326,DrawerCloseButton
FNF:7
FNH:0
FNDA:0,Drawer
FNDA:0,DrawerBackdrop
FNDA:0,DrawerContent
FNDA:0,DrawerHeader
FNDA:0,DrawerBody
FNDA:0,DrawerFooter
FNDA:0,DrawerCloseButton
DA:28,0
DA:32,0
DA:33,0
DA:34,0
DA:35,0
DA:45,0
DA:47,0
DA:58,0
DA:59,0
DA:61,0
DA:79,0
DA:83,0
DA:143,0
DA:147,0
DA:151,0
DA:155,0
DA:182,0
DA:186,0
DA:197,0
DA:201,0
DA:230,0
DA:234,0
DA:236,0
DA:237,0
DA:239,0
DA:241,0
DA:245,0
DA:247,0
DA:251,0
DA:255,0
DA:278,0
DA:282,0
DA:293,0
DA:297,0
DA:308,0
DA:312,0
DA:323,0
DA:327,0
DA:338,0
DA:339,0
DA:340,0
DA:341,0
DA:342,0
DA:343,0
DA:344,0
LF:45
LH:0
BRDA:185,0,0,0
BRDA:185,1,0,0
BRDA:236,2,0,0
BRDA:236,2,1,0
BRDA:237,3,0,0
BRDA:237,3,1,0
BRDA:239,4,0,0
BRDA:239,4,1,0
BRDA:241,5,0,0
BRDA:241,5,1,0
BRDA:242,6,0,0
BRDA:242,6,1,0
BRDA:243,7,0,0
BRDA:243,7,1,0
BRDA:245,8,0,0
BRDA:245,8,1,0
BRDA:247,9,0,0
BRDA:247,9,1,0
BRDA:248,10,0,0
BRDA:248,10,1,0
BRDA:249,11,0,0
BRDA:249,11,1,0
BRDA:251,12,0,0
BRDA:251,12,1,0
BRDA:252,13,0,0
BRDA:252,13,1,0
BRDA:253,14,0,0
BRDA:253,14,1,0
BRF:28
BRH:0
end_of_record
TN:
SF:components/ui/fab/index.tsx
FN:119,Fab
FN:140,FabLabel
FN:181,FabIcon
FNF:3
FNH:0
FNDA:0,Fab
FNDA:0,FabLabel
FNDA:0,FabIcon
DA:14,0
DA:15,0
DA:16,0
DA:22,0
DA:35,0
DA:54,0
DA:101,0
DA:118,0
DA:123,0
DA:137,0
DA:152,0
DA:153,0
DA:178,0
DA:182,0
DA:184,0
DA:185,0
DA:193,0
DA:197,0
DA:205,0
DA:220,0
DA:221,0
DA:222,0
LF:22
LH:0
BRDA:120,0,0,0
BRDA:120,1,0,0
BRDA:143,2,0,0
BRDA:144,3,0,0
BRDA:145,4,0,0
BRDA:146,5,0,0
BRDA:184,6,0,0
BRDA:184,6,1,0
BRDA:193,7,0,0
BRDA:193,7,1,0
BRDA:194,8,0,0
BRDA:194,8,1,0
BRDA:194,8,2,0
BRF:13
BRH:0
end_of_record
TN:
SF:components/ui/flat-list/index.tsx
FNF:0
FNH:0
LF:0
LH:0
BRF:0
BRH:0
end_of_record
TN:
SF:components/ui/form-control/index.tsx
FN:221,FormControlLabelAstrick
FN:267,FormControl
FN:284,FormControlError
FN:302,FormControlErrorText
FN:328,FormControlErrorIcon
FN:370,FormControlLabel
FN:388,FormControlLabelText
FN:412,FormControlHelper
FN:432,FormControlHelperText
FNF:9
FNH:0
FNDA:0,FormControlLabelAstrick
FNDA:0,FormControl
FNDA:0,FormControlError
FNDA:0,FormControlErrorText
FNDA:0,FormControlErrorIcon
FNDA:0,FormControlLabel
FNDA:0,FormControlLabelText
FNDA:0,FormControlHelper
FNDA:0,FormControlHelperText
DA:14,0
DA:16,0
DA:27,0
DA:41,0
DA:45,0
DA:85,0
DA:89,0
DA:129,0
DA:133,0
DA:173,0
DA:218,0
DA:222,0
DA:224,0
DA:236,0
DA:248,0
DA:264,0
DA:268,0
DA:281,0
DA:285,0
DA:299,0
DA:303,0
DA:304,0
DA:325,0
DA:329,0
DA:331,0
DA:332,0
DA:340,0
DA:344,0
DA:352,0
DA:367,0
DA:371,0
DA:385,0
DA:389,0
DA:391,0
DA:409,0
DA:413,0
DA:429,0
DA:433,0
DA:435,0
DA:448,0
DA:449,0
DA:450,0
DA:451,0
DA:452,0
DA:453,0
DA:454,0
DA:455,0
DA:456,0
LF:48
LH:0
BRDA:267,0,0,0
BRDA:331,1,0,0
BRDA:331,1,1,0
BRDA:340,2,0,0
BRDA:340,2,1,0
BRDA:341,3,0,0
BRDA:341,3,1,0
BRDA:341,3,2,0
BRF:8
BRH:0
end_of_record
TN:
SF:components/ui/gluestack-ui-provider/config.ts
FNF:0
FNH:0
DA:4,0
LF:1
LH:0
BRF:0
BRH:0
end_of_record
TN:
SF:components/ui/gluestack-ui-provider/index.tsx
FN:10,GluestackUIProvider
FN:20,(anonymous_1)
FNF:2
FNH:0
FNDA:0,GluestackUIProvider
FNDA:0,(anonymous_1)
DA:18,0
DA:20,0
DA:21,0
DA:25,0
LF:4
LH:0
BRDA:11,0,0,0
BRF:1
BRH:0
end_of_record
TN:
SF:components/ui/gluestack-ui-provider/index.web.tsx
FN:12,(anonymous_0)
FN:22,GluestackUIProvider
FN:30,(anonymous_2)
FN:35,(anonymous_3)
FN:44,(anonymous_4)
FN:48,(anonymous_5)
FN:59,(anonymous_6)
FN:65,(anonymous_7)
FN:68,(anonymous_8)
FNF:9
FNH:0
FNDA:0,(anonymous_0)
FNDA:0,GluestackUIProvider
FNDA:0,(anonymous_2)
FNDA:0,(anonymous_3)
FNDA:0,(anonymous_4)
FNDA:0,(anonymous_5)
FNDA:0,(anonymous_6)
FNDA:0,(anonymous_7)
FNDA:0,(anonymous_8)
DA:11,0
DA:12,0
DA:13,0
DA:14,0
DA:15,0
DA:16,0
DA:20,0
DA:29,0
DA:30,0
DA:31,0
DA:33,0
DA:36,0
DA:37,0
DA:39,0
DA:42,0
DA:44,0
DA:45,0
DA:48,0
DA:49,0
DA:50,0
DA:51,0
DA:52,0
DA:53,0
DA:54,0
DA:59,0
DA:60,0
DA:61,0
DA:63,0
DA:65,0
DA:68,0
DA:69,0
DA:70,0
DA:71,0
DA:72,0
DA:73,0
DA:74,0
DA:75,0
DA:76,0
DA:77,0
DA:83,0
LF:40
LH:0
BRDA:20,0,0,0
BRDA:20,0,1,0
BRDA:23,1,0,0
BRDA:32,2,0,0
BRDA:32,2,1,0
BRDA:45,3,0,0
BRDA:45,3,1,0
BRDA:49,4,0,0
BRDA:49,4,1,0
BRDA:51,5,0,0
BRDA:51,5,1,0
BRDA:53,6,0,0
BRDA:53,6,1,0
BRDA:60,7,0,0
BRDA:60,7,1,0
BRDA:69,8,0,0
BRDA:69,8,1,0
BRDA:71,9,0,0
BRDA:71,9,1,0
BRDA:74,10,0,0
BRDA:74,10,1,0
BRDA:77,11,0,0
BRDA:77,11,1,0
BRF:23
BRH:0
end_of_record
TN:
SF:components/ui/gluestack-ui-provider/script.ts
FN:1,(anonymous_0)
FN:4,getSystemColorMode
FNF:2
FNH:0
FNDA:0,(anonymous_0)
FNDA:0,getSystemColorMode
DA:1,0
DA:2,0
DA:5,0
DA:10,0
DA:11,0
DA:12,0
DA:13,0
DA:14,0
DA:15,0
DA:17,0
LF:10
LH:0
BRDA:5,0,0,0
BRDA:5,0,1,0
BRDA:12,1,0,0
BRDA:12,1,1,0
BRDA:13,2,0,0
BRDA:13,2,1,0
BRF:6
BRH:0
end_of_record
TN:
SF:components/ui/grid/index.tsx
FN:22,arrangeChildrenIntoRows
FN:59,generateResponsiveNumColumns
FN:70,(anonymous_2)
FN:82,generateResponsiveColSpans
FN:98,(anonymous_4)
FN:130,Grid
FN:137,(anonymous_6)
FN:139,(anonymous_7)
FN:166,(anonymous_8)
FN:178,(anonymous_9)
FN:200,(anonymous_10)
FN:253,GridItem
FN:272,(anonymous_12)
FN:280,(anonymous_13)
FNF:14
FNH:0
FNDA:0,arrangeChildrenIntoRows
FNDA:0,generateResponsiveNumColumns
FNDA:0,(anonymous_2)
FNDA:0,generateResponsiveColSpans
FNDA:0,(anonymous_4)
FNDA:0,Grid
FNDA:0,(anonymous_6)
FNDA:0,(anonymous_7)
FNDA:0,(anonymous_8)
FNDA:0,(anonymous_9)
FNDA:0,(anonymous_10)
FNDA:0,GridItem
FNDA:0,(anonymous_12)
FNDA:0,(anonymous_13)
DA:18,0
DA:20,0
DA:31,0
DA:32,0
DA:37,0
DA:39,0
DA:40,0
DA:43,0
DA:44,0
DA:45,0
DA:48,0
DA:51,0
DA:56,0
DA:60,0
DA:61,0
DA:63,0
DA:64,0
DA:67,0
DA:68,0
DA:70,0
DA:71,0
DA:72,0
DA:73,0
DA:74,0
DA:75,0
DA:79,0
DA:87,0
DA:89,0
DA:91,0
DA:92,0
DA:95,0
DA:96,0
DA:98,0
DA:99,0
DA:100,0
DA:101,0
DA:102,0
DA:103,0
DA:107,0
DA:129,0
DA:131,0
DA:133,0
DA:134,0
DA:135,0
DA:137,0
DA:139,0
DA:140,0
DA:142,0
DA:146,0
DA:148,0
DA:149,0
DA:152,0
DA:155,0
DA:157,0
DA:163,0
DA:166,0
DA:167,0
DA:168,0
DA:171,0
DA:174,0
DA:178,0
DA:179,0
DA:189,0
DA:190,0
DA:191,0
DA:193,0
DA:202,0
DA:205,0
DA:208,0
DA:213,0
DA:224,0
DA:252,0
DA:254,0
DA:265,0
DA:267,0
DA:268,0
DA:272,0
DA:273,0
DA:280,0
DA:281,0
DA:284,0
DA:286,0
DA:289,0
DA:295,0
DA:303,0
DA:315,0
DA:336,0
DA:337,0
LF:88
LH:0
BRDA:43,0,0,0
BRDA:43,0,1,0
BRDA:51,1,0,0
BRDA:51,1,1,0
BRDA:63,2,0,0
BRDA:63,2,1,0
BRDA:72,3,0,0
BRDA:72,3,1,0
BRDA:73,4,0,0
BRDA:73,4,1,0
BRDA:91,5,0,0
BRDA:91,5,1,0
BRDA:100,6,0,0
BRDA:100,6,1,0
BRDA:101,7,0,0
BRDA:101,7,1,0
BRDA:146,8,0,0
BRDA:146,8,1,0
BRDA:148,9,0,0
BRDA:148,9,1,0
BRDA:167,10,0,0
BRDA:167,10,1,0
BRDA:175,11,0,0
BRDA:175,11,1,0
BRDA:183,12,0,0
BRDA:183,12,1,0
BRDA:184,13,0,0
BRDA:184,13,1,0
BRDA:185,14,0,0
BRDA:185,14,1,0
BRDA:189,15,0,0
BRDA:189,15,1,0
BRDA:189,15,2,0
BRDA:190,16,0,0
BRDA:190,16,1,0
BRDA:190,16,2,0
BRDA:202,17,0,0
BRDA:202,17,1,0
BRDA:202,17,2,0
BRDA:202,17,3,0
BRDA:205,18,0,0
BRDA:205,18,1,0
BRDA:205,18,2,0
BRDA:205,18,3,0
BRDA:217,19,0,0
BRDA:217,19,1,0
BRDA:268,20,0,0
BRDA:268,20,1,0
BRDA:273,21,0,0
BRDA:273,21,1,0
BRDA:274,22,0,0
BRDA:274,22,1,0
BRDA:274,22,2,0
BRDA:274,22,3,0
BRDA:286,23,0,0
BRDA:286,23,1,0
BRDA:286,23,2,0
BRDA:290,24,0,0
BRDA:290,24,1,0
BRDA:290,25,0,0
BRDA:290,25,1,0
BRF:61
BRH:0
end_of_record
TN:
SF:components/ui/grid/index.web.tsx
FN:22,Grid
FN:47,GridItem
FNF:2
FNH:0
FNDA:0,Grid
FNDA:0,GridItem
DA:22,0
DA:26,0
DA:27,0
DA:28,0
DA:46,0
DA:48,0
DA:50,0
DA:51,0
DA:63,0
DA:64,0
LF:10
LH:0
BRDA:27,0,0,0
BRDA:27,0,1,0
BRDA:50,1,0,0
BRDA:50,1,1,0
BRF:4
BRH:0
end_of_record
TN:
SF:components/ui/grid/styles.tsx
FNF:0
FNH:0
DA:4,0
DA:7,0
DA:9,0
DA:13,0
LF:4
LH:0
BRDA:4,0,0,0
BRDA:4,0,1,0
BRDA:7,1,0,0
BRDA:7,1,1,0
BRF:4
BRH:0
end_of_record
TN:
SF:components/ui/heading/index.tsx
FN:21,MappedHeading
FN:179,Heading
FNF:2
FNH:0
FNDA:0,MappedHeading
FNDA:0,Heading
DA:12,0
DA:13,0
DA:14,0
DA:15,0
DA:16,0
DA:17,0
DA:19,0
DA:36,0
DA:40,0
DA:59,0
DA:78,0
DA:97,0
DA:116,0
DA:136,0
DA:155,0
DA:178,0
DA:191,0
DA:193,0
DA:194,0
DA:212,0
DA:218,0
LF:21
LH:0
BRDA:36,0,0,0
BRDA:36,0,1,0
BRDA:36,0,2,0
BRDA:36,0,3,0
BRDA:36,0,4,0
BRDA:36,0,5,0
BRDA:36,0,6,0
BRDA:36,0,7,0
BRDA:36,0,8,0
BRDA:36,0,9,0
BRDA:180,1,0,0
BRDA:193,2,0,0
BRDA:193,2,1,0
BRF:13
BRH:0
end_of_record
TN:
SF:components/ui/heading/index.web.tsx
FN:10,MappedHeading
FN:160,Heading
FNF:2
FNH:0
FNDA:0,MappedHeading
FNDA:0,Heading
DA:9,0
DA:25,0
DA:29,0
DA:47,0
DA:65,0
DA:83,0
DA:101,0
DA:120,0
DA:138,0
DA:159,0
DA:172,0
DA:174,0
DA:175,0
DA:194,0
DA:200,0
LF:15
LH:0
BRDA:25,0,0,0
BRDA:25,0,1,0
BRDA:25,0,2,0
BRDA:25,0,3,0
BRDA:25,0,4,0
BRDA:25,0,5,0
BRDA:25,0,6,0
BRDA:25,0,7,0
BRDA:25,0,8,0
BRDA:25,0,9,0
BRDA:161,1,0,0
BRDA:174,2,0,0
BRDA:174,2,1,0
BRF:13
BRH:0
end_of_record
TN:
SF:components/ui/heading/styles.tsx
FNF:0
FNH:0
DA:3,0
DA:7,0
LF:2
LH:0
BRDA:3,0,0,0
BRDA:3,0,1,0
BRF:2
BRH:0
end_of_record
TN:
SF:components/ui/hstack/index.tsx
FN:10,HStack
FNF:1
FNH:0
FNDA:0,HStack
DA:9,0
DA:11,0
DA:21,0
LF:3
LH:0
BRF:0
BRH:0
end_of_record
TN:
SF:components/ui/hstack/index.web.tsx
FN:9,HStack
FNF:1
FNH:0
FNDA:0,HStack
DA:8,0
DA:10,0
DA:20,0
LF:3
LH:0
BRF:0
BRH:0
end_of_record
TN:
SF:components/ui/hstack/styles.tsx
FNF:0
FNH:0
DA:4,0
DA:8,0
LF:2
LH:0
BRDA:4,0,0,0
BRDA:4,0,1,0
BRF:2
BRH:0
end_of_record
TN:
SF:components/ui/icon/index.tsx
FN:49,Icon
FN:85,(anonymous_1)
FN:94,UIIcon
FNF:3
FNH:0
FNDA:0,Icon
FNDA:0,(anonymous_1)
FNDA:0,UIIcon
DA:10,0
DA:17,0
DA:31,0
DA:48,0
DA:50,0
DA:51,0
DA:59,0
DA:63,0
DA:71,0
DA:85,0
DA:86,0
DA:94,0
DA:103,0
DA:114,0
DA:135,0
DA:138,0
DA:165,0
DA:168,0
DA:189,0
DA:211,0
DA:233,0
DA:254,0
DA:255,0
DA:256,0
DA:257,0
DA:261,0
DA:284,0
DA:288,0
DA:309,0
DA:313,0
DA:382,0
DA:386,0
DA:401,0
DA:422,0
DA:423,0
DA:427,0
DA:443,0
DA:458,0
DA:473,0
DA:489,0
DA:511,0
DA:533,0
DA:555,0
DA:556,0
DA:557,0
DA:558,0
DA:559,0
DA:560,0
DA:561,0
DA:573,0
DA:588,0
DA:592,0
DA:613,0
DA:617,0
DA:638,0
DA:665,0
DA:666,0
DA:670,0
DA:691,0
DA:695,0
DA:722,0
DA:725,0
DA:746,0
DA:749,0
DA:770,0
DA:772,0
DA:805,0
DA:808,0
DA:823,0
DA:826,0
DA:853,0
DA:856,0
DA:901,0
DA:904,0
DA:931,0
DA:934,0
DA:961,0
DA:964,0
DA:985,0
DA:987,0
DA:1014,0
DA:1017,0
DA:1032,0
DA:1035,0
DA:1056,0
DA:1059,0
DA:1080,0
DA:1083,0
DA:1110,0
DA:1113,0
DA:1128,0
DA:1132,0
DA:1147,0
DA:1150,0
DA:1165,0
DA:1168,0
DA:1183,0
DA:1186,0
DA:1207,0
DA:1210,0
DA:1225,0
DA:1228,0
DA:1261,0
DA:1263,0
DA:1302,0
DA:1305,0
DA:1326,0
DA:1329,0
DA:1350,0
DA:1353,0
DA:1392,0
DA:1395,0
DA:1416,0
DA:1419,0
DA:1434,0
DA:1437,0
DA:1500,0
DA:1503,0
DA:1530,0
DA:1533,0
DA:1560,0
DA:1563,0
DA:1584,0
LF:123
LH:0
BRDA:49,0,0,0
BRDA:50,1,0,0
BRDA:50,1,1,0
BRDA:59,2,0,0
BRDA:59,2,1,0
BRDA:60,3,0,0
BRDA:60,3,1,0
BRDA:60,3,2,0
BRF:8
BRH:0
end_of_record
TN:
SF:components/ui/icon/index.web.tsx
FN:33,Icon
FN:69,(anonymous_1)
FN:75,(anonymous_2)
FN:84,UIIcon
FN:85,(anonymous_4)
FNF:5
FNH:0
FNDA:0,Icon
FNDA:0,(anonymous_1)
FNDA:0,(anonymous_2)
FNDA:0,UIIcon
FNDA:0,(anonymous_4)
DA:8,0
DA:12,0
DA:26,0
DA:34,0
DA:35,0
DA:44,0
DA:48,0
DA:57,0
DA:69,0
DA:70,0
DA:71,0
DA:72,0
DA:75,0
DA:76,0
DA:77,0
DA:85,0
DA:86,0
DA:90,0
DA:104,0
DA:125,0
DA:128,0
DA:155,0
DA:158,0
DA:179,0
DA:201,0
DA:223,0
DA:244,0
DA:245,0
DA:246,0
DA:247,0
DA:251,0
DA:274,0
DA:278,0
DA:299,0
DA:303,0
DA:372,0
DA:376,0
DA:391,0
DA:412,0
DA:413,0
DA:417,0
DA:433,0
DA:448,0
DA:463,0
DA:479,0
DA:501,0
DA:523,0
DA:545,0
DA:546,0
DA:547,0
DA:548,0
DA:549,0
DA:550,0
DA:551,0
DA:563,0
DA:578,0
DA:581,0
DA:602,0
DA:606,0
DA:627,0
DA:654,0
DA:655,0
DA:659,0
DA:680,0
DA:684,0
DA:711,0
DA:714,0
DA:735,0
DA:738,0
DA:759,0
DA:761,0
DA:794,0
DA:797,0
DA:812,0
DA:815,0
DA:842,0
DA:845,0
DA:890,0
DA:893,0
DA:920,0
DA:923,0
DA:950,0
DA:953,0
DA:974,0
DA:976,0
DA:1003,0
DA:1006,0
DA:1021,0
DA:1024,0
DA:1045,0
DA:1048,0
DA:1069,0
DA:1072,0
DA:1099,0
DA:1102,0
DA:1117,0
DA:1121,0
DA:1136,0
DA:1139,0
DA:1154,0
DA:1157,0
DA:1172,0
DA:1175,0
DA:1196,0
DA:1199,0
DA:1214,0
DA:1217,0
DA:1250,0
DA:1252,0
DA:1291,0
DA:1294,0
DA:1315,0
DA:1318,0
DA:1339,0
DA:1342,0
DA:1381,0
DA:1384,0
DA:1405,0
DA:1408,0
DA:1423,0
DA:1426,0
DA:1489,0
DA:1492,0
DA:1519,0
DA:1522,0
DA:1549,0
DA:1552,0
DA:1573,0
LF:128
LH:0
BRDA:33,0,0,0
BRDA:34,1,0,0
BRDA:34,1,1,0
BRDA:44,2,0,0
BRDA:44,2,1,0
BRDA:45,3,0,0
BRDA:45,3,1,0
BRDA:45,3,2,0
BRDA:70,4,0,0
BRDA:70,4,1,0
BRDA:86,5,0,0
BRDA:86,5,1,0
BRF:12
BRH:0
end_of_record
TN:
SF:components/ui/image/index.tsx
FN:32,Image
FNF:1
FNH:0
FNDA:0,Image
DA:8,0
DA:25,0
DA:29,0
DA:33,0
DA:48,0
LF:5
LH:0
BRDA:32,0,0,0
BRDA:40,1,0,0
BRDA:40,1,1,0
BRF:3
BRH:0
end_of_record
TN:
SF:components/ui/image-background/index.tsx
FN:11,ImageBackground
FNF:1
FNH:0
FNDA:0,ImageBackground
DA:6,0
DA:8,0
DA:12,0
DA:23,0
LF:4
LH:0
BRF:0
BRH:0
end_of_record
TN:
SF:components/ui/input/index.tsx
FN:107,Input
FN:132,InputIcon
FN:176,InputSlot
FN:194,InputField
FNF:4
FNH:0
FNDA:0,Input
FNDA:0,InputIcon
FNDA:0,InputSlot
FNDA:0,InputField
DA:14,0
DA:16,0
DA:23,0
DA:36,0
DA:60,0
DA:74,0
DA:78,0
DA:106,0
DA:111,0
DA:129,0
DA:133,0
DA:135,0
DA:136,0
DA:144,0
DA:148,0
DA:156,0
DA:173,0
DA:177,0
DA:191,0
DA:195,0
DA:197,0
DA:212,0
DA:213,0
DA:214,0
DA:215,0
LF:25
LH:0
BRDA:108,0,0,0
BRDA:108,1,0,0
BRDA:135,2,0,0
BRDA:135,2,1,0
BRDA:144,3,0,0
BRDA:144,3,1,0
BRDA:145,4,0,0
BRDA:145,4,1,0
BRDA:145,4,2,0
BRF:9
BRH:0
end_of_record
TN:
SF:components/ui/input-accessory-view/index.tsx
FNF:0
FNH:0
LF:0
LH:0
BRF:0
BRH:0
end_of_record
TN:
SF:components/ui/keyboard-avoiding-view/index.tsx
FNF:0
FNH:0
LF:0
LH:0
BRF:0
BRH:0
end_of_record
TN:
SF:components/ui/link/index.tsx
FN:69,Link
FN:86,LinkText
FNF:2
FNH:0
FNDA:0,Link
FNDA:0,LinkText
DA:12,0
DA:17,0
DA:18,0
DA:20,0
DA:24,0
DA:68,0
DA:70,0
DA:83,0
DA:87,0
DA:99,0
DA:100,0
LF:11
LH:0
BRDA:86,0,0,0
BRF:1
BRH:0
end_of_record
TN:
SF:components/ui/menu/index.tsx
FN:82,BackdropPressable
FN:101,Item
FN:117,Separator
FN:143,Menu
FN:177,MenuItemLabel
FNF:5
FNH:0
FNDA:0,BackdropPressable
FNDA:0,Item
FNDA:0,Separator
FNDA:0,Menu
FNDA:0,MenuItemLabel
DA:17,0
DA:19,0
DA:23,0
DA:27,0
DA:33,0
DA:37,0
DA:78,0
DA:83,0
DA:98,0
DA:102,0
DA:113,0
DA:118,0
DA:126,0
DA:135,0
DA:142,0
DA:144,0
DA:172,0
DA:174,0
DA:192,0
DA:211,0
DA:213,0
DA:214,0
DA:215,0
DA:216,0
LF:24
LH:0
BRDA:184,0,0,0
BRF:1
BRH:0
end_of_record
TN:
SF:components/ui/modal/index.tsx
FN:114,(anonymous_0)
FN:128,ModalBackdrop
FN:161,ModalContent
FN:203,ModalHeader
FN:218,ModalBody
FN:233,ModalFooter
FN:248,ModalCloseButton
FNF:7
FNH:0
FNDA:0,(anonymous_0)
FNDA:0,ModalBackdrop
FNDA:0,ModalContent
FNDA:0,ModalHeader
FNDA:0,ModalBody
FNDA:0,ModalFooter
FNDA:0,ModalCloseButton
DA:22,0
DA:25,0
DA:30,0
DA:32,0
DA:43,0
DA:44,0
DA:46,0
DA:59,0
DA:63,0
DA:76,0
DA:80,0
DA:84,0
DA:88,0
DA:113,0
DA:115,0
DA:125,0
DA:129,0
DA:158,0
DA:162,0
DA:164,0
DA:200,0
DA:204,0
DA:215,0
DA:219,0
DA:230,0
DA:234,0
DA:245,0
DA:249,0
DA:260,0
DA:261,0
DA:262,0
DA:263,0
DA:264,0
DA:265,0
DA:266,0
LF:35
LH:0
BRDA:114,0,0,0
BRF:1
BRH:0
end_of_record
TN:
SF:components/ui/popover/index.tsx
FN:155,Popover
FN:174,PopoverContent
FN:207,PopoverArrow
FN:235,PopoverBackdrop
FN:270,PopoverBody
FN:285,PopoverCloseButton
FN:300,PopoverFooter
FN:315,PopoverHeader
FNF:8
FNH:0
FNDA:0,Popover
FNDA:0,PopoverContent
FNDA:0,PopoverArrow
FNDA:0,PopoverBackdrop
FNDA:0,PopoverBody
FNDA:0,PopoverCloseButton
FNDA:0,PopoverFooter
FNDA:0,PopoverHeader
DA:22,0
DA:26,0
DA:31,0
DA:33,0
DA:45,0
DA:46,0
DA:48,0
DA:61,0
DA:93,0
DA:97,0
DA:101,0
DA:114,0
DA:118,0
DA:122,0
DA:152,0
DA:159,0
DA:171,0
DA:175,0
DA:177,0
DA:204,0
DA:208,0
DA:209,0
DA:232,0
DA:236,0
DA:267,0
DA:271,0
DA:282,0
DA:286,0
DA:297,0
DA:301,0
DA:312,0
DA:316,0
DA:327,0
DA:328,0
DA:329,0
DA:330,0
DA:331,0
DA:332,0
DA:333,0
DA:334,0
LF:40
LH:0
BRDA:156,0,0,0
BRDA:156,1,0,0
BRF:2
BRH:0
end_of_record
TN:
SF:components/ui/portal/index.tsx
FN:11,Portal
FNF:1
FNH:0
FNDA:0,Portal
DA:6,0
DA:8,0
DA:12,0
DA:15,0
LF:4
LH:0
BRF:0
BRH:0
end_of_record
TN:
SF:components/ui/pressable/index.tsx
FN:26,Pressable
FNF:1
FNH:0
FNDA:0,Pressable
DA:10,0
DA:14,0
DA:23,0
DA:27,0
DA:38,0
LF:5
LH:0
BRF:0
BRH:0
end_of_record
TN:
SF:components/ui/progress/index.tsx
FN:132,Progress
FN:150,ProgressFilledTrack
FNF:2
FNH:0
FNDA:0,Progress
FNDA:0,ProgressFilledTrack
DA:13,0
DA:14,0
DA:19,0
DA:20,0
DA:22,0
DA:73,0
DA:129,0
DA:136,0
DA:147,0
DA:152,0
DA:154,0
LF:11
LH:0
BRDA:133,0,0,0
BRDA:133,1,0,0
BRF:2
BRH:0
end_of_record
TN:
SF:components/ui/radio/index.tsx
FN:101,Radio
FN:118,RadioGroup
FN:133,RadioIndicator
FN:152,RadioLabel
FN:174,RadioIcon
FNF:5
FNH:0
FNDA:0,Radio
FNDA:0,RadioGroup
FNDA:0,RadioIndicator
FNDA:0,RadioLabel
FNDA:0,RadioIcon
DA:14,0
DA:16,0
DA:28,0
DA:41,0
DA:52,0
DA:56,0
DA:68,0
DA:79,0
DA:100,0
DA:102,0
DA:115,0
DA:119,0
DA:130,0
DA:134,0
DA:135,0
DA:149,0
DA:153,0
DA:154,0
DA:171,0
DA:175,0
DA:177,0
DA:178,0
DA:186,0
DA:190,0
DA:199,0
DA:214,0
DA:215,0
DA:216,0
DA:217,0
DA:218,0
LF:30
LH:0
BRDA:17,0,0,0
BRDA:17,0,1,0
BRDA:101,1,0,0
BRDA:177,2,0,0
BRDA:177,2,1,0
BRDA:186,3,0,0
BRDA:186,3,1,0
BRDA:187,4,0,0
BRDA:187,4,1,0
BRDA:187,4,2,0
BRF:10
BRH:0
end_of_record
TN:
SF:components/ui/refresh-control/index.tsx
FNF:0
FNH:0
LF:0
LH:0
BRF:0
BRH:0
end_of_record
TN:
SF:components/ui/safe-area-view/index.tsx
FNF:0
FNH:0
LF:0
LH:0
BRF:0
BRH:0
end_of_record
TN:
SF:components/ui/scroll-view/index.tsx
FNF:0
FNH:0
LF:0
LH:0
BRF:0
BRH:0
end_of_record
TN:
SF:components/ui/section-list/index.tsx
FNF:0
FNH:0
LF:0
LH:0
BRF:0
BRH:0
end_of_record
TN:
SF:components/ui/select/index.tsx
FN:32,SelectTriggerWrapper
FN:139,Select
FN:157,SelectTrigger
FN:181,SelectInput
FN:204,SelectIcon
FNF:5
FNH:0
FNDA:0,SelectTriggerWrapper
FNDA:0,Select
FNDA:0,SelectTrigger
FNDA:0,SelectInput
FNDA:0,SelectIcon
DA:29,0
DA:33,0
DA:36,0
DA:50,0
DA:54,0
DA:74,0
DA:91,0
DA:114,0
DA:115,0
DA:118,0
DA:120,0
DA:136,0
DA:140,0
DA:154,0
DA:161,0
DA:178,0
DA:182,0
DA:183,0
DA:201,0
DA:205,0
DA:206,0
DA:207,0
DA:215,0
DA:220,0
DA:228,0
DA:243,0
DA:244,0
DA:245,0
DA:246,0
DA:249,0
DA:250,0
DA:251,0
DA:252,0
DA:253,0
DA:254,0
DA:255,0
DA:256,0
DA:257,0
DA:258,0
DA:259,0
LF:40
LH:0
BRDA:158,0,0,0
BRDA:158,1,0,0
BRDA:206,2,0,0
BRDA:206,2,1,0
BRDA:215,3,0,0
BRDA:215,3,1,0
BRDA:217,4,0,0
BRDA:217,4,1,0
BRDA:217,4,2,0
BRF:9
BRH:0
end_of_record
TN:
SF:components/ui/select/select-actionsheet.tsx
FN:301,Actionsheet
FN:316,ActionsheetContent
FN:331,ActionsheetItem
FN:346,ActionsheetItemText
FN:369,ActionsheetDragIndicator
FN:384,ActionsheetDragIndicatorWrapper
FN:399,ActionsheetBackdrop
FN:423,ActionsheetScrollView
FN:438,ActionsheetVirtualizedList
FN:453,ActionsheetFlatList
FN:468,ActionsheetSectionList
FN:483,ActionsheetSectionHeaderText
FN:520,ActionsheetIcon
FNF:13
FNH:0
FNDA:0,Actionsheet
FNDA:0,ActionsheetContent
FNDA:0,ActionsheetItem
FNDA:0,ActionsheetItemText
FNDA:0,ActionsheetDragIndicator
FNDA:0,ActionsheetDragIndicatorWrapper
FNDA:0,ActionsheetBackdrop
FNDA:0,ActionsheetScrollView
FNDA:0,ActionsheetVirtualizedList
FNDA:0,ActionsheetFlatList
FNDA:0,ActionsheetSectionList
FNDA:0,ActionsheetSectionHeaderText
FNDA:0,ActionsheetIcon
DA:32,0
DA:39,0
DA:41,0
DA:58,0
DA:59,0
DA:60,0
DA:61,0
DA:62,0
DA:63,0
DA:64,0
DA:65,0
DA:70,0
DA:77,0
DA:85,0
DA:86,0
DA:87,0
DA:100,0
DA:102,0
DA:106,0
DA:110,0
DA:144,0
DA:148,0
DA:152,0
DA:156,0
DA:160,0
DA:164,0
DA:168,0
DA:172,0
DA:214,0
DA:298,0
DA:302,0
DA:313,0
DA:317,0
DA:328,0
DA:332,0
DA:343,0
DA:350,0
DA:366,0
DA:370,0
DA:381,0
DA:385,0
DA:396,0
DA:400,0
DA:420,0
DA:424,0
DA:435,0
DA:439,0
DA:450,0
DA:454,0
DA:465,0
DA:469,0
DA:480,0
DA:498,0
DA:517,0
DA:524,0
DA:525,0
DA:536,0
LF:57
LH:0
BRDA:521,0,0,0
BRDA:524,1,0,0
BRDA:524,1,1,0
BRF:3
BRH:0
end_of_record
TN:
SF:components/ui/skeleton/index.tsx
FN:22,Skeleton
FN:83,SkeletonText
FN:104,(anonymous_2)
FNF:3
FNH:0
FNDA:0,Skeleton
FNDA:0,SkeletonText
FNDA:0,(anonymous_2)
DA:19,0
DA:34,0
DA:35,0
DA:36,0
DA:37,0
DA:39,0
DA:60,0
DA:61,0
DA:62,0
DA:74,0
DA:76,0
DA:80,0
DA:95,0
DA:96,0
DA:97,0
DA:105,0
DA:116,0
DA:127,0
DA:131,0
DA:132,0
LF:20
LH:0
BRDA:27,0,0,0
BRDA:28,1,0,0
BRDA:29,2,0,0
BRDA:60,3,0,0
BRDA:60,3,1,0
BRDA:87,4,0,0
BRDA:88,5,0,0
BRDA:89,6,0,0
BRDA:95,7,0,0
BRDA:95,7,1,0
BRDA:96,8,0,0
BRDA:96,8,1,0
BRF:12
BRH:0
end_of_record
TN:
SF:components/ui/skeleton/index.web.tsx
FN:13,Skeleton
FN:51,SkeletonText
FN:72,(anonymous_2)
FNF:3
FNH:0
FNDA:0,Skeleton
FNDA:0,SkeletonText
FNDA:0,(anonymous_2)
DA:12,0
DA:25,0
DA:26,0
DA:38,0
DA:50,0
DA:63,0
DA:64,0
DA:65,0
DA:73,0
DA:84,0
DA:95,0
DA:100,0
DA:101,0
LF:13
LH:0
BRDA:16,0,0,0
BRDA:18,1,0,0
BRDA:19,2,0,0
BRDA:20,3,0,0
BRDA:25,4,0,0
BRDA:25,4,1,0
BRDA:55,5,0,0
BRDA:56,6,0,0
BRDA:57,7,0,0
BRDA:63,8,0,0
BRDA:63,8,1,0
BRDA:64,9,0,0
BRDA:64,9,1,0
BRF:13
BRH:0
end_of_record
TN:
SF:components/ui/skeleton/styles.tsx
FNF:0
FNH:0
DA:3,0
DA:19,0
LF:2
LH:0
BRF:0
BRH:0
end_of_record
TN:
SF:components/ui/slider/index.tsx
FN:160,Slider
FN:192,SliderThumb
FN:216,SliderTrack
FN:247,SliderFilledTrack
FNF:4
FNH:0
FNDA:0,Slider
FNDA:0,SliderThumb
FNDA:0,SliderTrack
FNDA:0,SliderFilledTrack
DA:14,0
DA:15,0
DA:16,0
DA:24,0
DA:26,0
DA:45,0
DA:57,0
DA:144,0
DA:157,0
DA:170,0
DA:189,0
DA:193,0
DA:195,0
DA:213,0
DA:221,0
DA:223,0
DA:244,0
DA:248,0
DA:250,0
LF:19
LH:0
BRDA:163,0,0,0
BRDA:164,1,0,0
BRDA:165,2,0,0
BRF:3
BRH:0
end_of_record
TN:
SF:components/ui/spinner/index.tsx
FN:16,Spinner
FNF:1
FNH:0
FNDA:0,Spinner
DA:7,0
DA:11,0
DA:13,0
DA:26,0
DA:38,0
LF:5
LH:0
BRDA:20,0,0,0
BRDA:21,1,0,0
BRF:2
BRH:0
end_of_record
TN:
SF:components/ui/status-bar/index.tsx
FNF:0
FNH:0
LF:0
LH:0
BRF:0
BRH:0
end_of_record
TN:
SF:components/ui/switch/index.tsx
FN:30,Switch
FNF:1
FNH:0
FNDA:0,Switch
DA:9,0
DA:13,0
DA:27,0
DA:31,0
DA:40,0
LF:5
LH:0
BRDA:30,0,0,0
BRF:1
BRH:0
end_of_record
TN:
SF:components/ui/table/index.tsx
FN:50,(anonymous_0)
FN:64,TableHeader
FN:65,(anonymous_2)
FN:85,TableBody
FN:99,TableFooter
FN:100,(anonymous_5)
FN:120,TableHead
FN:143,TableRow
FN:164,TableData
FN:187,(anonymous_9)
FNF:10
FNH:0
FNDA:0,(anonymous_0)
FNDA:0,TableHeader
FNDA:0,(anonymous_2)
FNDA:0,TableBody
FNDA:0,TableFooter
FNDA:0,(anonymous_5)
FNDA:0,TableHead
FNDA:0,TableRow
FNDA:0,TableData
FNDA:0,(anonymous_9)
DA:23,0
DA:28,0
DA:47,0
DA:51,0
DA:61,0
DA:65,0
DA:66,0
DA:70,0
DA:82,0
DA:86,0
DA:96,0
DA:100,0
DA:101,0
DA:105,0
DA:117,0
DA:121,0
DA:122,0
DA:130,0
DA:140,0
DA:144,0
DA:145,0
DA:147,0
DA:161,0
DA:165,0
DA:166,0
DA:174,0
DA:184,0
DA:188,0
DA:198,0
DA:199,0
DA:200,0
DA:201,0
DA:202,0
DA:203,0
DA:204,0
DA:205,0
LF:36
LH:0
BRDA:120,0,0,0
BRDA:121,1,0,0
BRDA:121,1,1,0
BRDA:164,2,0,0
BRDA:165,3,0,0
BRDA:165,3,1,0
BRF:6
BRH:0
end_of_record
TN:
SF:components/ui/table/index.web.tsx
FN:25,Table
FN:39,TableHeader
FN:40,(anonymous_2)
FN:59,TableBody
FN:72,TableFooter
FN:73,(anonymous_5)
FN:92,TableHead
FN:101,TableRow
FN:120,TableData
FN:129,TableCaption
FNF:10
FNH:0
FNDA:0,Table
FNDA:0,TableHeader
FNDA:0,(anonymous_2)
FNDA:0,TableBody
FNDA:0,TableFooter
FNDA:0,(anonymous_5)
FNDA:0,TableHead
FNDA:0,TableRow
FNDA:0,TableData
FNDA:0,TableCaption
DA:13,0
DA:18,0
DA:24,0
DA:26,0
DA:36,0
DA:40,0
DA:41,0
DA:45,0
DA:56,0
DA:60,0
DA:69,0
DA:73,0
DA:74,0
DA:78,0
DA:89,0
DA:93,0
DA:98,0
DA:102,0
DA:103,0
DA:104,0
DA:117,0
DA:121,0
DA:126,0
DA:130,0
DA:139,0
DA:140,0
DA:141,0
DA:142,0
DA:143,0
DA:144,0
DA:145,0
DA:146,0
LF:32
LH:0
BRF:0
BRH:0
end_of_record
TN:
SF:components/ui/table/styles.tsx
FNF:0
FNH:0
DA:4,0
DA:6,0
DA:10,0
DA:14,0
DA:18,0
DA:22,0
DA:26,0
DA:38,0
DA:42,0
LF:9
LH:0
BRDA:4,0,0,0
BRDA:4,0,1,0
BRF:2
BRH:0
end_of_record
TN:
SF:components/ui/text/index.tsx
FN:11,Text
FNF:1
FNH:1
FNDA:102,Text
DA:10,1
DA:26,102
DA:46,1
LF:3
LH:3
BRDA:18,0,0,102
BRF:1
BRH:1
end_of_record
TN:
SF:components/ui/text/index.web.tsx
FN:8,Text
FNF:1
FNH:0
FNDA:0,Text
DA:7,0
DA:23,0
DA:43,0
LF:3
LH:0
BRDA:15,0,0,0
BRF:1
BRH:0
end_of_record
TN:
SF:components/ui/text/styles.tsx
FNF:0
FNH:0
DA:4,1
DA:8,1
LF:2
LH:2
BRDA:4,0,0,0
BRDA:4,0,1,1
BRF:2
BRH:1
end_of_record
TN:
SF:components/ui/textarea/index.tsx
FN:53,Textarea
FN:73,TextareaInput
FNF:2
FNH:0
FNDA:0,Textarea
FNDA:0,TextareaInput
DA:12,0
DA:13,0
DA:18,0
DA:35,0
DA:50,0
DA:57,0
DA:70,0
DA:74,0
DA:76,0
DA:90,0
DA:91,0
LF:11
LH:0
BRDA:54,0,0,0
BRDA:54,1,0,0
BRF:2
BRH:0
end_of_record
TN:
SF:components/ui/toast/index.tsx
FN:160,Toast
FN:182,ToastTitle
FN:185,(anonymous_2)
FN:219,ToastDescription
FNF:4
FNH:0
FNDA:0,Toast
FNDA:0,ToastTitle
FNDA:0,(anonymous_2)
FNDA:0,ToastDescription
DA:21,0
DA:23,0
DA:24,0
DA:26,0
DA:28,0
DA:46,0
DA:117,0
DA:154,0
DA:159,0
DA:164,0
DA:179,0
DA:184,0
DA:185,0
DA:188,0
DA:191,0
DA:216,0
DA:220,0
DA:221,0
DA:236,0
DA:237,0
DA:238,0
LF:21
LH:0
BRDA:161,0,0,0
BRDA:161,1,0,0
BRDA:182,2,0,0
BRDA:219,3,0,0
BRF:4
BRH:0
end_of_record
TN:
SF:components/ui/tooltip/index.tsx
FN:90,Tooltip
FN:103,TooltipContent
FN:119,TooltipText
FNF:3
FNH:0
FNDA:0,Tooltip
FNDA:0,TooltipContent
FNDA:0,TooltipText
DA:18,0
DA:20,0
DA:27,0
DA:29,0
DA:33,0
DA:37,0
DA:87,0
DA:91,0
DA:100,0
DA:104,0
DA:116,0
DA:120,0
DA:129,0
DA:130,0
DA:131,0
LF:15
LH:0
BRF:0
BRH:0
end_of_record
TN:
SF:components/ui/utils/use-break-point-value.ts
FN:25,(anonymous_0)
FN:31,(anonymous_1)
FN:45,(anonymous_2)
FN:56,(anonymous_3)
FN:61,(anonymous_4)
FN:79,useBreakpointValue
FN:86,(anonymous_6)
FN:98,isValidBreakpoint
FN:107,getLastValidObject
FNF:9
FNH:0
FNDA:0,(anonymous_0)
FNDA:0,(anonymous_1)
FNDA:0,(anonymous_2)
FNDA:0,(anonymous_3)
FNDA:0,(anonymous_4)
FNDA:0,useBreakpointValue
FNDA:0,(anonymous_6)
FNDA:0,isValidBreakpoint
FNDA:0,getLastValidObject
DA:7,0
DA:8,0
DA:21,0
DA:25,0
DA:26,0
DA:27,0
DA:31,0
DA:35,0
DA:38,0
DA:45,0
DA:46,0
DA:48,0
DA:55,0
DA:57,0
DA:60,0
DA:62,0
DA:69,0
DA:71,0
DA:72,0
DA:74,0
DA:76,0
DA:80,0
DA:82,0
DA:86,0
DA:87,0
DA:88,0
DA:89,0
DA:93,0
DA:95,0
DA:102,0
DA:104,0
DA:115,0
DA:116,0
DA:117,0
DA:120,0
LF:35
LH:0
BRDA:26,0,0,0
BRDA:26,0,1,0
BRDA:35,1,0,0
BRDA:35,1,1,0
BRDA:62,2,0,0
BRDA:62,2,1,0
BRDA:64,3,0,0
BRDA:64,3,1,0
BRDA:71,4,0,0
BRDA:71,4,1,0
BRDA:87,5,0,0
BRDA:87,5,1,0
BRDA:93,6,0,0
BRDA:93,6,1,0
BRDA:100,7,0,0
BRDA:100,8,0,0
BRDA:100,8,1,0
BRDA:116,9,0,0
BRDA:116,9,1,0
BRF:19
BRH:0
end_of_record
TN:
SF:components/ui/view/index.tsx
FNF:0
FNH:0
LF:0
LH:0
BRF:0
BRH:0
end_of_record
TN:
SF:components/ui/virtualized-list/index.tsx
FNF:0
FNH:0
LF:0
LH:0
BRF:0
BRH:0
end_of_record
TN:
SF:components/ui/vstack/index.tsx
FN:11,VStack
FNF:1
FNH:0
FNDA:0,VStack
DA:10,0
DA:12,0
DA:22,0
LF:3
LH:0
BRF:0
BRH:0
end_of_record
TN:
SF:components/ui/vstack/index.web.tsx
FN:10,VStack
FNF:1
FNH:0
FNDA:0,VStack
DA:9,0
DA:11,0
DA:21,0
LF:3
LH:0
BRF:0
BRH:0
end_of_record
TN:
SF:components/ui/vstack/styles.tsx
FNF:0
FNH:0
DA:4,0
DA:8,0
LF:2
LH:0
BRDA:4,0,0,0
BRDA:4,0,1,0
BRF:2
BRH:0
end_of_record
TN:
SF:hooks/use-debounce.ts
FN:3,useDebounce
FN:6,(anonymous_1)
FN:7,(anonymous_2)
FN:11,(anonymous_3)
FNF:4
FNH:0
FNDA:0,useDebounce
FNDA:0,(anonymous_1)
FNDA:0,(anonymous_2)
FNDA:0,(anonymous_3)
DA:4,0
DA:6,0
DA:7,0
DA:8,0
DA:11,0
DA:12,0
DA:16,0
LF:7
LH:0
BRF:0
BRH:0
end_of_record
TN:
SF:hooks/use-favorites.ts
FN:5,useFavorites
FN:8,(anonymous_1)
FN:12,(anonymous_2)
FN:16,(anonymous_3)
FN:20,(anonymous_4)
FN:24,(anonymous_5)
FNF:6
FNH:0
FNDA:0,useFavorites
FNDA:0,(anonymous_1)
FNDA:0,(anonymous_2)
FNDA:0,(anonymous_3)
FNDA:0,(anonymous_4)
FNDA:0,(anonymous_5)
DA:6,0
DA:8,0
DA:9,0
DA:12,0
DA:13,0
DA:16,0
DA:17,0
DA:20,0
DA:21,0
DA:24,0
DA:25,0
DA:28,0
LF:12
LH:0
BRF:0
BRH:0
end_of_record
TN:
SF:hooks/use-movie-details.ts
FN:4,useMovieDetails
FN:7,(anonymous_1)
FN:12,useMovieCredits
FN:15,(anonymous_3)
FNF:4
FNH:0
FNDA:0,useMovieDetails
FNDA:0,(anonymous_1)
FNDA:0,useMovieCredits
FNDA:0,(anonymous_3)
DA:5,0
DA:7,0
DA:13,0
DA:15,0
LF:4
LH:0
BRF:0
BRH:0
end_of_record
TN:
SF:hooks/use-movies.ts
FN:4,(anonymous_0)
FN:7,(anonymous_1)
FN:13,(anonymous_2)
FN:16,(anonymous_3)
FN:17,(anonymous_4)
FN:29,useTrendingMovies
FN:32,(anonymous_6)
FN:38,useInfiniteTrendingMovies
FN:41,(anonymous_8)
FN:42,(anonymous_9)
FN:54,(anonymous_10)
FN:57,(anonymous_11)
FNF:12
FNH:0
FNDA:0,(anonymous_0)
FNDA:0,(anonymous_1)
FNDA:0,(anonymous_2)
FNDA:0,(anonymous_3)
FNDA:0,(anonymous_4)
FNDA:0,useTrendingMovies
FNDA:0,(anonymous_6)
FNDA:0,useInfiniteTrendingMovies
FNDA:0,(anonymous_8)
FNDA:0,(anonymous_9)
FNDA:0,(anonymous_10)
FNDA:0,(anonymous_11)
DA:4,0
DA:5,0
DA:7,0
DA:13,0
DA:14,0
DA:16,0
DA:18,0
DA:19,0
DA:21,0
DA:30,0
DA:32,0
DA:39,0
DA:41,0
DA:43,0
DA:44,0
DA:46,0
DA:54,0
DA:55,0
DA:57,0
LF:19
LH:0
BRDA:4,0,0,0
BRDA:16,1,0,0
BRDA:18,2,0,0
BRDA:18,2,1,0
BRDA:29,3,0,0
BRDA:41,4,0,0
BRDA:43,5,0,0
BRDA:43,5,1,0
BRDA:58,6,0,0
BRDA:58,6,1,0
BRF:10
BRH:0
end_of_record
TN:
SF:hooks/use-theme.ts
FN:4,useTheme
FNF:1
FNH:0
FNDA:0,useTheme
DA:11,0
DA:13,0
LF:2
LH:0
BRF:0
BRH:0
end_of_record
TN:
SF:lib/api-config.ts
FN:21,getImageUrl
FNF:1
FNH:0
FNDA:0,getImageUrl
DA:4,0
DA:5,0
DA:9,0
DA:12,0
DA:22,0
DA:23,0
DA:27,0
LF:7
LH:0
BRDA:9,0,0,0
BRDA:9,0,1,0
BRDA:21,1,0,0
BRDA:22,2,0,0
BRDA:22,2,1,0
BRF:5
BRH:0
end_of_record
TN:
SF:lib/favorites-store.ts
FN:22,(anonymous_0)
FN:28,(anonymous_1)
FN:34,(anonymous_2)
FN:38,(anonymous_3)
FN:47,(anonymous_4)
FN:49,(anonymous_5)
FN:54,(anonymous_6)
FN:56,(anonymous_7)
FN:65,(anonymous_8)
FN:67,(anonymous_9)
FN:70,(anonymous_10)
FNF:11
FNH:11
FNDA:2,(anonymous_0)
FNDA:3,(anonymous_1)
FNDA:16,(anonymous_2)
FNDA:5,(anonymous_3)
FNDA:4,(anonymous_4)
FNDA:6,(anonymous_5)
FNDA:2,(anonymous_6)
FNDA:1,(anonymous_7)
FNDA:2,(anonymous_8)
FNDA:1,(anonymous_9)
FNDA:1,(anonymous_10)
DA:20,2
DA:22,2
DA:29,3
DA:30,3
DA:31,3
DA:35,16
DA:38,16
DA:39,1
DA:42,15
DA:43,15
DA:44,15
DA:48,4
DA:49,6
DA:50,4
DA:51,4
DA:55,2
DA:56,2
DA:58,2
DA:59,1
DA:61,1
DA:66,2
DA:67,2
DA:71,1
DA:72,1
LF:24
LH:24
BRDA:30,0,0,3
BRDA:30,0,1,2
BRDA:38,1,0,1
BRDA:38,1,1,15
BRDA:58,2,0,1
BRDA:58,2,1,1
BRF:6
BRH:6
end_of_record
TN:
SF:lib/storage.ts
FN:14,(anonymous_0)
FN:24,(anonymous_1)
FN:33,(anonymous_2)
FN:38,(anonymous_3)
FNF:4
FNH:0
FNDA:0,(anonymous_0)
FNDA:0,(anonymous_1)
FNDA:0,(anonymous_2)
FNDA:0,(anonymous_3)
DA:4,1
DA:7,1
DA:12,1
DA:15,0
DA:16,0
DA:17,0
DA:19,0
DA:25,0
DA:26,0
DA:28,0
DA:34,0
DA:39,0
LF:12
LH:3
BRDA:17,0,0,0
BRDA:17,0,1,0
BRF:2
BRH:0
end_of_record
TN:
SF:lib/theme-store.ts
FN:16,(anonymous_0)
FN:20,(anonymous_1)
FN:31,(anonymous_2)
FN:41,(anonymous_3)
FNF:4
FNH:2
FNDA:1,(anonymous_0)
FNDA:0,(anonymous_1)
FNDA:0,(anonymous_2)
FNDA:1,(anonymous_3)
DA:14,1
DA:16,1
DA:21,0
DA:22,0
DA:23,0
DA:25,0
DA:32,0
DA:33,0
DA:41,1
LF:9
LH:3
BRDA:22,0,0,0
BRDA:22,0,1,0
BRDA:23,1,0,0
BRDA:23,1,1,0
BRDA:32,2,0,0
BRDA:32,2,1,0
BRF:6
BRH:0
end_of_record
